{"/home/runner/work/MemoryWhole/MemoryWhole/src/App.js": {"path":"/home/runner/work/MemoryWhole/MemoryWhole/src/App.js","statementMap":{"0":{"start":{"line":53,"column":6},"end":{"line":53,"column":19}},"1":{"start":{"line":69,"column":6},"end":{"line":69,"column":17}},"2":{"start":{"line":71,"column":34},"end":{"line":71,"column":49}},"3":{"start":{"line":74,"column":117},"end":{"line":74,"column":137}},"4":{"start":{"line":77,"column":30},"end":{"line":80,"column":3}},"5":{"start":{"line":78,"column":4},"end":{"line":78,"column":20}},"6":{"start":{"line":79,"column":4},"end":{"line":79,"column":25}},"7":{"start":{"line":83,"column":2},"end":{"line":186,"column":4}},"8":{"start":{"line":96,"column":34},"end":{"line":96,"column":46}},"9":{"start":{"line":103,"column":34},"end":{"line":103,"column":46}},"10":{"start":{"line":178,"column":41},"end":{"line":178,"column":61}},"11":{"start":{"line":191,"column":2},"end":{"line":197,"column":4}}},"fnMap":{"0":{"name":"AppContent","decl":{"start":{"line":27,"column":9},"end":{"line":27,"column":19}},"loc":{"start":{"line":27,"column":22},"end":{"line":187,"column":1}},"line":27},"1":{"name":"(anonymous_1)","decl":{"start":{"line":77,"column":30},"end":{"line":77,"column":31}},"loc":{"start":{"line":77,"column":36},"end":{"line":80,"column":3}},"line":77},"2":{"name":"(anonymous_2)","decl":{"start":{"line":96,"column":28},"end":{"line":96,"column":29}},"loc":{"start":{"line":96,"column":34},"end":{"line":96,"column":46}},"line":96},"3":{"name":"(anonymous_3)","decl":{"start":{"line":103,"column":28},"end":{"line":103,"column":29}},"loc":{"start":{"line":103,"column":34},"end":{"line":103,"column":46}},"line":103},"4":{"name":"(anonymous_4)","decl":{"start":{"line":178,"column":36},"end":{"line":178,"column":37}},"loc":{"start":{"line":178,"column":41},"end":{"line":178,"column":61}},"line":178},"5":{"name":"App","decl":{"start":{"line":190,"column":24},"end":{"line":190,"column":27}},"loc":{"start":{"line":190,"column":30},"end":{"line":198,"column":1}},"line":190}},"branchMap":{"0":{"loc":{"start":{"line":85,"column":7},"end":{"line":184,"column":7}},"type":"cond-expr","locations":[{"start":{"line":86,"column":8},"end":{"line":86,"column":61}},{"start":{"line":88,"column":8},"end":{"line":183,"column":20}}],"line":85},"1":{"loc":{"start":{"line":89,"column":11},"end":{"line":113,"column":11}},"type":"binary-expr","locations":[{"start":{"line":89,"column":11},"end":{"line":89,"column":21}},{"start":{"line":90,"column":12},"end":{"line":112,"column":14}}],"line":89},"2":{"loc":{"start":{"line":115,"column":11},"end":{"line":127,"column":11}},"type":"binary-expr","locations":[{"start":{"line":115,"column":11},"end":{"line":115,"column":21}},{"start":{"line":116,"column":12},"end":{"line":126,"column":14}}],"line":115},"3":{"loc":{"start":{"line":129,"column":11},"end":{"line":158,"column":11}},"type":"cond-expr","locations":[{"start":{"line":130,"column":12},"end":{"line":144,"column":14}},{"start":{"line":145,"column":14},"end":{"line":158,"column":11}}],"line":129},"4":{"loc":{"start":{"line":129,"column":11},"end":{"line":129,"column":40}},"type":"binary-expr","locations":[{"start":{"line":129,"column":11},"end":{"line":129,"column":21}},{"start":{"line":129,"column":25},"end":{"line":129,"column":40}}],"line":129},"5":{"loc":{"start":{"line":145,"column":14},"end":{"line":158,"column":11}},"type":"binary-expr","locations":[{"start":{"line":145,"column":14},"end":{"line":145,"column":24}},{"start":{"line":146,"column":12},"end":{"line":157,"column":14}}],"line":145},"6":{"loc":{"start":{"line":160,"column":11},"end":{"line":164,"column":11}},"type":"binary-expr","locations":[{"start":{"line":160,"column":11},"end":{"line":160,"column":21}},{"start":{"line":161,"column":12},"end":{"line":163,"column":14}}],"line":160},"7":{"loc":{"start":{"line":166,"column":11},"end":{"line":173,"column":11}},"type":"binary-expr","locations":[{"start":{"line":166,"column":11},"end":{"line":166,"column":21}},{"start":{"line":166,"column":25},"end":{"line":166,"column":41}},{"start":{"line":166,"column":45},"end":{"line":166,"column":63}},{"start":{"line":167,"column":12},"end":{"line":172,"column":14}}],"line":166},"8":{"loc":{"start":{"line":175,"column":11},"end":{"line":182,"column":11}},"type":"binary-expr","locations":[{"start":{"line":175,"column":11},"end":{"line":175,"column":28}},{"start":{"line":176,"column":12},"end":{"line":181,"column":14}}],"line":175},"9":{"loc":{"start":{"line":178,"column":25},"end":{"line":178,"column":85}},"type":"binary-expr","locations":[{"start":{"line":178,"column":25},"end":{"line":178,"column":69}},{"start":{"line":178,"column":73},"end":{"line":178,"column":85}}],"line":178}},"s":{"0":7,"1":7,"2":7,"3":7,"4":7,"5":0,"6":0,"7":7,"8":0,"9":0,"10":2,"11":5},"f":{"0":7,"1":0,"2":0,"3":0,"4":2,"5":5},"b":{"0":[3,4],"1":[4,4],"2":[4,0],"3":[0,4],"4":[4,0],"5":[4,0],"6":[4,0],"7":[4,3,3,1],"8":[4,2],"9":[2,0]},"_coverageSchema":"1a1c01bbd47fc00a2c39e90264f33305004495a9","hash":"4ab68a6318dc4c23024902312a91e022e410bf04"}
,"/home/runner/work/MemoryWhole/MemoryWhole/src/index.js": {"path":"/home/runner/work/MemoryWhole/MemoryWhole/src/index.js","statementMap":{"0":{"start":{"line":7,"column":13},"end":{"line":7,"column":65}},"1":{"start":{"line":8,"column":0},"end":{"line":12,"column":2}},"2":{"start":{"line":17,"column":0},"end":{"line":17,"column":18}}},"fnMap":{},"branchMap":{},"s":{"0":0,"1":0,"2":0},"f":{},"b":{}}
,"/home/runner/work/MemoryWhole/MemoryWhole/src/reportWebVitals.js": {"path":"/home/runner/work/MemoryWhole/MemoryWhole/src/reportWebVitals.js","statementMap":{"0":{"start":{"line":1,"column":24},"end":{"line":11,"column":1}},"1":{"start":{"line":2,"column":2},"end":{"line":10,"column":3}},"2":{"start":{"line":3,"column":4},"end":{"line":9,"column":7}},"3":{"start":{"line":4,"column":6},"end":{"line":4,"column":26}},"4":{"start":{"line":5,"column":6},"end":{"line":5,"column":26}},"5":{"start":{"line":6,"column":6},"end":{"line":6,"column":26}},"6":{"start":{"line":7,"column":6},"end":{"line":7,"column":26}},"7":{"start":{"line":8,"column":6},"end":{"line":8,"column":27}}},"fnMap":{"0":{"name":"(anonymous_0)","decl":{"start":{"line":1,"column":24},"end":{"line":1,"column":25}},"loc":{"start":{"line":1,"column":39},"end":{"line":11,"column":1}},"line":1},"1":{"name":"(anonymous_1)","decl":{"start":{"line":3,"column":30},"end":{"line":3,"column":31}},"loc":{"start":{"line":3,"column":79},"end":{"line":9,"column":5}},"line":3}},"branchMap":{"0":{"loc":{"start":{"line":2,"column":2},"end":{"line":10,"column":3}},"type":"if","locations":[{"start":{"line":2,"column":2},"end":{"line":10,"column":3}},{"start":{},"end":{}}],"line":2},"1":{"loc":{"start":{"line":2,"column":6},"end":{"line":2,"column":52}},"type":"binary-expr","locations":[{"start":{"line":2,"column":6},"end":{"line":2,"column":17}},{"start":{"line":2,"column":21},"end":{"line":2,"column":52}}],"line":2}},"s":{"0":0,"1":0,"2":0,"3":0,"4":0,"5":0,"6":0,"7":0},"f":{"0":0,"1":0},"b":{"0":[0,0],"1":[0,0]}}
,"/home/runner/work/MemoryWhole/MemoryWhole/src/components/BatchUploadPage.js": {"path":"/home/runner/work/MemoryWhole/MemoryWhole/src/components/BatchUploadPage.js","statementMap":{"0":{"start":{"line":4,"column":36},"end":{"line":4,"column":48}},"1":{"start":{"line":5,"column":28},"end":{"line":5,"column":40}},"2":{"start":{"line":6,"column":32},"end":{"line":6,"column":46}},"3":{"start":{"line":7,"column":30},"end":{"line":7,"column":42}},"4":{"start":{"line":10,"column":28},"end":{"line":15,"column":3}},"5":{"start":{"line":11,"column":18},"end":{"line":11,"column":32}},"6":{"start":{"line":12,"column":4},"end":{"line":12,"column":24}},"7":{"start":{"line":13,"column":4},"end":{"line":13,"column":17}},"8":{"start":{"line":14,"column":4},"end":{"line":14,"column":21}},"9":{"start":{"line":18,"column":25},"end":{"line":59,"column":3}},"10":{"start":{"line":19,"column":4},"end":{"line":22,"column":5}},"11":{"start":{"line":20,"column":6},"end":{"line":20,"column":41}},"12":{"start":{"line":21,"column":6},"end":{"line":21,"column":13}},"13":{"start":{"line":24,"column":4},"end":{"line":58,"column":5}},"14":{"start":{"line":25,"column":21},"end":{"line":25,"column":42}},"15":{"start":{"line":28,"column":6},"end":{"line":31,"column":7}},"16":{"start":{"line":29,"column":8},"end":{"line":29,"column":58}},"17":{"start":{"line":30,"column":8},"end":{"line":30,"column":15}},"18":{"start":{"line":34,"column":25},"end":{"line":34,"column":27}},"19":{"start":{"line":35,"column":29},"end":{"line":35,"column":31}},"20":{"start":{"line":37,"column":6},"end":{"line":43,"column":9}},"21":{"start":{"line":38,"column":8},"end":{"line":42,"column":9}},"22":{"start":{"line":39,"column":10},"end":{"line":39,"column":37}},"23":{"start":{"line":41,"column":10},"end":{"line":41,"column":32}},"24":{"start":{"line":45,"column":6},"end":{"line":48,"column":7}},"25":{"start":{"line":46,"column":8},"end":{"line":46,"column":130}},"26":{"start":{"line":47,"column":8},"end":{"line":47,"column":15}},"27":{"start":{"line":50,"column":6},"end":{"line":53,"column":7}},"28":{"start":{"line":51,"column":8},"end":{"line":51,"column":48}},"29":{"start":{"line":52,"column":8},"end":{"line":52,"column":15}},"30":{"start":{"line":55,"column":6},"end":{"line":55,"column":29}},"31":{"start":{"line":57,"column":6},"end":{"line":57,"column":56}},"32":{"start":{"line":62,"column":23},"end":{"line":71,"column":3}},"33":{"start":{"line":63,"column":4},"end":{"line":63,"column":23}},"34":{"start":{"line":65,"column":4},"end":{"line":68,"column":5}},"35":{"start":{"line":66,"column":6},"end":{"line":66,"column":23}},"36":{"start":{"line":67,"column":6},"end":{"line":67,"column":13}},"37":{"start":{"line":70,"column":4},"end":{"line":70,"column":27}},"38":{"start":{"line":73,"column":31},"end":{"line":93,"column":3}},"39":{"start":{"line":75,"column":27},"end":{"line":88,"column":5}},"40":{"start":{"line":90,"column":4},"end":{"line":90,"column":58}},"41":{"start":{"line":91,"column":4},"end":{"line":91,"column":17}},"42":{"start":{"line":92,"column":4},"end":{"line":92,"column":21}},"43":{"start":{"line":95,"column":2},"end":{"line":210,"column":4}},"44":{"start":{"line":121,"column":31},"end":{"line":121,"column":56}},"45":{"start":{"line":170,"column":16},"end":{"line":175,"column":22}}},"fnMap":{"0":{"name":"BatchUploadPage","decl":{"start":{"line":3,"column":9},"end":{"line":3,"column":24}},"loc":{"start":{"line":3,"column":54},"end":{"line":211,"column":1}},"line":3},"1":{"name":"(anonymous_1)","decl":{"start":{"line":10,"column":28},"end":{"line":10,"column":29}},"loc":{"start":{"line":10,"column":35},"end":{"line":15,"column":3}},"line":10},"2":{"name":"(anonymous_2)","decl":{"start":{"line":18,"column":25},"end":{"line":18,"column":26}},"loc":{"start":{"line":18,"column":31},"end":{"line":59,"column":3}},"line":18},"3":{"name":"(anonymous_3)","decl":{"start":{"line":37,"column":21},"end":{"line":37,"column":22}},"loc":{"start":{"line":37,"column":38},"end":{"line":43,"column":7}},"line":37},"4":{"name":"(anonymous_4)","decl":{"start":{"line":62,"column":23},"end":{"line":62,"column":24}},"loc":{"start":{"line":62,"column":30},"end":{"line":71,"column":3}},"line":62},"5":{"name":"(anonymous_5)","decl":{"start":{"line":73,"column":31},"end":{"line":73,"column":32}},"loc":{"start":{"line":73,"column":37},"end":{"line":93,"column":3}},"line":73},"6":{"name":"(anonymous_6)","decl":{"start":{"line":121,"column":24},"end":{"line":121,"column":25}},"loc":{"start":{"line":121,"column":31},"end":{"line":121,"column":56}},"line":121},"7":{"name":"(anonymous_7)","decl":{"start":{"line":169,"column":27},"end":{"line":169,"column":28}},"loc":{"start":{"line":170,"column":16},"end":{"line":175,"column":22}},"line":170}},"branchMap":{"0":{"loc":{"start":{"line":19,"column":4},"end":{"line":22,"column":5}},"type":"if","locations":[{"start":{"line":19,"column":4},"end":{"line":22,"column":5}},{"start":{},"end":{}}],"line":19},"1":{"loc":{"start":{"line":28,"column":6},"end":{"line":31,"column":7}},"type":"if","locations":[{"start":{"line":28,"column":6},"end":{"line":31,"column":7}},{"start":{},"end":{}}],"line":28},"2":{"loc":{"start":{"line":38,"column":8},"end":{"line":42,"column":9}},"type":"if","locations":[{"start":{"line":38,"column":8},"end":{"line":42,"column":9}},{"start":{"line":40,"column":15},"end":{"line":42,"column":9}}],"line":38},"3":{"loc":{"start":{"line":38,"column":12},"end":{"line":38,"column":104}},"type":"binary-expr","locations":[{"start":{"line":38,"column":12},"end":{"line":38,"column":23}},{"start":{"line":38,"column":27},"end":{"line":38,"column":37}},{"start":{"line":38,"column":41},"end":{"line":38,"column":71}},{"start":{"line":38,"column":75},"end":{"line":38,"column":104}}],"line":38},"4":{"loc":{"start":{"line":45,"column":6},"end":{"line":48,"column":7}},"type":"if","locations":[{"start":{"line":45,"column":6},"end":{"line":48,"column":7}},{"start":{},"end":{}}],"line":45},"5":{"loc":{"start":{"line":50,"column":6},"end":{"line":53,"column":7}},"type":"if","locations":[{"start":{"line":50,"column":6},"end":{"line":53,"column":7}},{"start":{},"end":{}}],"line":50},"6":{"loc":{"start":{"line":65,"column":4},"end":{"line":68,"column":5}},"type":"if","locations":[{"start":{"line":65,"column":4},"end":{"line":68,"column":5}},{"start":{},"end":{}}],"line":65},"7":{"loc":{"start":{"line":157,"column":11},"end":{"line":159,"column":11}},"type":"binary-expr","locations":[{"start":{"line":157,"column":11},"end":{"line":157,"column":16}},{"start":{"line":158,"column":12},"end":{"line":158,"column":64}}],"line":157},"8":{"loc":{"start":{"line":162,"column":9},"end":{"line":179,"column":9}},"type":"binary-expr","locations":[{"start":{"line":162,"column":9},"end":{"line":162,"column":16}},{"start":{"line":163,"column":10},"end":{"line":178,"column":16}}],"line":162},"9":{"loc":{"start":{"line":173,"column":21},"end":{"line":173,"column":93}},"type":"cond-expr","locations":[{"start":{"line":173,"column":46},"end":{"line":173,"column":81}},{"start":{"line":173,"column":84},"end":{"line":173,"column":93}}],"line":173},"10":{"loc":{"start":{"line":192,"column":41},"end":{"line":192,"column":88}},"type":"cond-expr","locations":[{"start":{"line":192,"column":52},"end":{"line":192,"column":83}},{"start":{"line":192,"column":86},"end":{"line":192,"column":88}}],"line":192}},"s":{"0":0,"1":0,"2":0,"3":0,"4":0,"5":0,"6":0,"7":0,"8":0,"9":0,"10":0,"11":0,"12":0,"13":0,"14":0,"15":0,"16":0,"17":0,"18":0,"19":0,"20":0,"21":0,"22":0,"23":0,"24":0,"25":0,"26":0,"27":0,"28":0,"29":0,"30":0,"31":0,"32":0,"33":0,"34":0,"35":0,"36":0,"37":0,"38":0,"39":0,"40":0,"41":0,"42":0,"43":0,"44":0,"45":0},"f":{"0":0,"1":0,"2":0,"3":0,"4":0,"5":0,"6":0,"7":0},"b":{"0":[0,0],"1":[0,0],"2":[0,0],"3":[0,0,0,0],"4":[0,0],"5":[0,0],"6":[0,0],"7":[0,0],"8":[0,0],"9":[0,0],"10":[0,0]},"_coverageSchema":"1a1c01bbd47fc00a2c39e90264f33305004495a9","hash":"f1db30fecf19bc932f6a2a30f85efe1ab7023833"}
,"/home/runner/work/MemoryWhole/MemoryWhole/src/components/BestTimesPage.js": {"path":"/home/runner/work/MemoryWhole/MemoryWhole/src/components/BestTimesPage.js","statementMap":{"0":{"start":{"line":9,"column":42},"end":{"line":9,"column":54}},"1":{"start":{"line":12,"column":2},"end":{"line":15,"column":9}},"2":{"start":{"line":13,"column":22},"end":{"line":13,"column":48}},"3":{"start":{"line":14,"column":4},"end":{"line":14,"column":31}},"4":{"start":{"line":17,"column":2},"end":{"line":121,"column":4}},"5":{"start":{"line":56,"column":14},"end":{"line":115,"column":20}},"6":{"start":{"line":63,"column":20},"end":{"line":112,"column":26}}},"fnMap":{"0":{"name":"BestTimesPage","decl":{"start":{"line":8,"column":9},"end":{"line":8,"column":22}},"loc":{"start":{"line":8,"column":35},"end":{"line":122,"column":1}},"line":8},"1":{"name":"(anonymous_1)","decl":{"start":{"line":12,"column":12},"end":{"line":12,"column":13}},"loc":{"start":{"line":12,"column":18},"end":{"line":15,"column":3}},"line":12},"2":{"name":"(anonymous_2)","decl":{"start":{"line":54,"column":30},"end":{"line":54,"column":31}},"loc":{"start":{"line":56,"column":14},"end":{"line":115,"column":20}},"line":56},"3":{"name":"(anonymous_3)","decl":{"start":{"line":61,"column":46},"end":{"line":61,"column":47}},"loc":{"start":{"line":63,"column":20},"end":{"line":112,"column":26}},"line":63}},"branchMap":{"0":{"loc":{"start":{"line":43,"column":9},"end":{"line":118,"column":9}},"type":"cond-expr","locations":[{"start":{"line":44,"column":10},"end":{"line":51,"column":16}},{"start":{"line":53,"column":10},"end":{"line":117,"column":16}}],"line":43},"1":{"loc":{"start":{"line":74,"column":27},"end":{"line":85,"column":27}},"type":"binary-expr","locations":[{"start":{"line":74,"column":27},"end":{"line":74,"column":44}},{"start":{"line":75,"column":28},"end":{"line":84,"column":35}}],"line":74},"2":{"loc":{"start":{"line":86,"column":27},"end":{"line":96,"column":27}},"type":"binary-expr","locations":[{"start":{"line":86,"column":27},"end":{"line":86,"column":52}},{"start":{"line":87,"column":28},"end":{"line":95,"column":35}}],"line":86},"3":{"loc":{"start":{"line":97,"column":27},"end":{"line":106,"column":27}},"type":"binary-expr","locations":[{"start":{"line":97,"column":27},"end":{"line":97,"column":49}},{"start":{"line":98,"column":28},"end":{"line":105,"column":35}}],"line":97}},"s":{"0":0,"1":0,"2":0,"3":0,"4":0,"5":0,"6":0},"f":{"0":0,"1":0,"2":0,"3":0},"b":{"0":[0,0],"1":[0,0],"2":[0,0],"3":[0,0]}}
,"/home/runner/work/MemoryWhole/MemoryWhole/src/components/CompletionPage.js": {"path":"/home/runner/work/MemoryWhole/MemoryWhole/src/components/CompletionPage.js","statementMap":{"0":{"start":{"line":11,"column":2},"end":{"line":94,"column":4}}},"fnMap":{"0":{"name":"CompletionPage","decl":{"start":{"line":7,"column":9},"end":{"line":7,"column":23}},"loc":{"start":{"line":7,"column":72},"end":{"line":95,"column":1}},"line":7}},"branchMap":{},"s":{"0":0},"f":{"0":0},"b":{}}
,"/home/runner/work/MemoryWhole/MemoryWhole/src/components/DeckForm.js": {"path":"/home/runner/work/MemoryWhole/MemoryWhole/src/components/DeckForm.js","statementMap":{"0":{"start":{"line":7,"column":34},"end":{"line":7,"column":74}},"1":{"start":{"line":10,"column":2},"end":{"line":19,"column":13}},"2":{"start":{"line":11,"column":4},"end":{"line":18,"column":5}},"3":{"start":{"line":12,"column":6},"end":{"line":15,"column":9}},"4":{"start":{"line":17,"column":6},"end":{"line":17,"column":50}},"5":{"start":{"line":21,"column":23},"end":{"line":24,"column":3}},"6":{"start":{"line":22,"column":28},"end":{"line":22,"column":36}},"7":{"start":{"line":23,"column":4},"end":{"line":23,"column":54}},"8":{"start":{"line":23,"column":25},"end":{"line":23,"column":51}},"9":{"start":{"line":26,"column":23},"end":{"line":36,"column":3}},"10":{"start":{"line":27,"column":4},"end":{"line":27,"column":23}},"11":{"start":{"line":29,"column":4},"end":{"line":32,"column":5}},"12":{"start":{"line":30,"column":6},"end":{"line":30,"column":34}},"13":{"start":{"line":31,"column":6},"end":{"line":31,"column":13}},"14":{"start":{"line":34,"column":4},"end":{"line":34,"column":23}},"15":{"start":{"line":35,"column":4},"end":{"line":35,"column":48}},"16":{"start":{"line":38,"column":2},"end":{"line":97,"column":4}}},"fnMap":{"0":{"name":"DeckForm","decl":{"start":{"line":6,"column":9},"end":{"line":6,"column":17}},"loc":{"start":{"line":6,"column":48},"end":{"line":98,"column":1}},"line":6},"1":{"name":"(anonymous_1)","decl":{"start":{"line":10,"column":12},"end":{"line":10,"column":13}},"loc":{"start":{"line":10,"column":18},"end":{"line":19,"column":3}},"line":10},"2":{"name":"(anonymous_2)","decl":{"start":{"line":21,"column":23},"end":{"line":21,"column":24}},"loc":{"start":{"line":21,"column":30},"end":{"line":24,"column":3}},"line":21},"3":{"name":"(anonymous_3)","decl":{"start":{"line":23,"column":16},"end":{"line":23,"column":17}},"loc":{"start":{"line":23,"column":25},"end":{"line":23,"column":51}},"line":23},"4":{"name":"(anonymous_4)","decl":{"start":{"line":26,"column":23},"end":{"line":26,"column":24}},"loc":{"start":{"line":26,"column":30},"end":{"line":36,"column":3}},"line":26}},"branchMap":{"0":{"loc":{"start":{"line":11,"column":4},"end":{"line":18,"column":5}},"type":"if","locations":[{"start":{"line":11,"column":4},"end":{"line":18,"column":5}},{"start":{"line":16,"column":11},"end":{"line":18,"column":5}}],"line":11},"1":{"loc":{"start":{"line":13,"column":15},"end":{"line":13,"column":31}},"type":"binary-expr","locations":[{"start":{"line":13,"column":15},"end":{"line":13,"column":25}},{"start":{"line":13,"column":29},"end":{"line":13,"column":31}}],"line":13},"2":{"loc":{"start":{"line":14,"column":21},"end":{"line":14,"column":43}},"type":"binary-expr","locations":[{"start":{"line":14,"column":21},"end":{"line":14,"column":37}},{"start":{"line":14,"column":41},"end":{"line":14,"column":43}}],"line":14},"3":{"loc":{"start":{"line":29,"column":4},"end":{"line":32,"column":5}},"type":"if","locations":[{"start":{"line":29,"column":4},"end":{"line":32,"column":5}},{"start":{},"end":{}}],"line":29},"4":{"loc":{"start":{"line":44,"column":11},"end":{"line":44,"column":60}},"type":"cond-expr","locations":[{"start":{"line":44,"column":29},"end":{"line":44,"column":40}},{"start":{"line":44,"column":43},"end":{"line":44,"column":60}}],"line":44},"5":{"loc":{"start":{"line":44,"column":11},"end":{"line":44,"column":26}},"type":"binary-expr","locations":[{"start":{"line":44,"column":11},"end":{"line":44,"column":15}},{"start":{"line":44,"column":19},"end":{"line":44,"column":26}}],"line":44},"6":{"loc":{"start":{"line":92,"column":13},"end":{"line":92,"column":60}},"type":"cond-expr","locations":[{"start":{"line":92,"column":31},"end":{"line":92,"column":44}},{"start":{"line":92,"column":47},"end":{"line":92,"column":60}}],"line":92},"7":{"loc":{"start":{"line":92,"column":13},"end":{"line":92,"column":28}},"type":"binary-expr","locations":[{"start":{"line":92,"column":13},"end":{"line":92,"column":17}},{"start":{"line":92,"column":21},"end":{"line":92,"column":28}}],"line":92}},"s":{"0":0,"1":0,"2":0,"3":0,"4":0,"5":0,"6":0,"7":0,"8":0,"9":0,"10":0,"11":0,"12":0,"13":0,"14":0,"15":0,"16":0},"f":{"0":0,"1":0,"2":0,"3":0,"4":0},"b":{"0":[0,0],"1":[0,0],"2":[0,0],"3":[0,0],"4":[0,0],"5":[0,0],"6":[0,0],"7":[0,0]},"_coverageSchema":"1a1c01bbd47fc00a2c39e90264f33305004495a9","hash":"5c86915334b5210624ed603551b7c15a8caaff66"}
,"/home/runner/work/MemoryWhole/MemoryWhole/src/components/DeckList.js": {"path":"/home/runner/work/MemoryWhole/MemoryWhole/src/components/DeckList.js","statementMap":{"0":{"start":{"line":8,"column":2},"end":{"line":86,"column":4}},"1":{"start":{"line":13,"column":21},"end":{"line":13,"column":35}},"2":{"start":{"line":17,"column":24},"end":{"line":17,"column":43}},"3":{"start":{"line":21,"column":12},"end":{"line":21,"column":32}},"4":{"start":{"line":22,"column":12},"end":{"line":22,"column":25}},"5":{"start":{"line":34,"column":12},"end":{"line":34,"column":32}},"6":{"start":{"line":35,"column":12},"end":{"line":37,"column":13}},"7":{"start":{"line":36,"column":14},"end":{"line":36,"column":32}},"8":{"start":{"line":65,"column":14},"end":{"line":65,"column":34}},"9":{"start":{"line":66,"column":14},"end":{"line":66,"column":29}},"10":{"start":{"line":75,"column":16},"end":{"line":75,"column":36}},"11":{"start":{"line":76,"column":16},"end":{"line":76,"column":34}},"12":{"start":{"line":93,"column":2},"end":{"line":139,"column":4}},"13":{"start":{"line":127,"column":12},"end":{"line":134,"column":14}}},"fnMap":{"0":{"name":"DeckItem","decl":{"start":{"line":7,"column":9},"end":{"line":7,"column":17}},"loc":{"start":{"line":7,"column":69},"end":{"line":87,"column":1}},"line":7},"1":{"name":"(anonymous_1)","decl":{"start":{"line":13,"column":15},"end":{"line":13,"column":16}},"loc":{"start":{"line":13,"column":21},"end":{"line":13,"column":35}},"line":13},"2":{"name":"(anonymous_2)","decl":{"start":{"line":17,"column":17},"end":{"line":17,"column":18}},"loc":{"start":{"line":17,"column":24},"end":{"line":17,"column":43}},"line":17},"3":{"name":"(anonymous_3)","decl":{"start":{"line":20,"column":19},"end":{"line":20,"column":20}},"loc":{"start":{"line":20,"column":26},"end":{"line":23,"column":11}},"line":20},"4":{"name":"(anonymous_4)","decl":{"start":{"line":33,"column":19},"end":{"line":33,"column":20}},"loc":{"start":{"line":33,"column":26},"end":{"line":38,"column":11}},"line":33},"5":{"name":"(anonymous_5)","decl":{"start":{"line":64,"column":21},"end":{"line":64,"column":22}},"loc":{"start":{"line":64,"column":28},"end":{"line":67,"column":13}},"line":64},"6":{"name":"(anonymous_6)","decl":{"start":{"line":74,"column":23},"end":{"line":74,"column":24}},"loc":{"start":{"line":74,"column":30},"end":{"line":77,"column":15}},"line":74},"7":{"name":"DeckList","decl":{"start":{"line":92,"column":9},"end":{"line":92,"column":17}},"loc":{"start":{"line":92,"column":113},"end":{"line":140,"column":1}},"line":92},"8":{"name":"(anonymous_8)","decl":{"start":{"line":126,"column":21},"end":{"line":126,"column":22}},"loc":{"start":{"line":127,"column":12},"end":{"line":134,"column":14}},"line":127}},"branchMap":{"0":{"loc":{"start":{"line":35,"column":12},"end":{"line":37,"column":13}},"type":"if","locations":[{"start":{"line":35,"column":12},"end":{"line":37,"column":13}},{"start":{},"end":{}}],"line":35},"1":{"loc":{"start":{"line":60,"column":71},"end":{"line":60,"column":103}},"type":"binary-expr","locations":[{"start":{"line":60,"column":71},"end":{"line":60,"column":85}},{"start":{"line":60,"column":89},"end":{"line":60,"column":103}}],"line":60},"2":{"loc":{"start":{"line":72,"column":11},"end":{"line":82,"column":11}},"type":"binary-expr","locations":[{"start":{"line":72,"column":11},"end":{"line":72,"column":34}},{"start":{"line":73,"column":12},"end":{"line":81,"column":21}}],"line":72}},"s":{"0":0,"1":0,"2":0,"3":0,"4":0,"5":0,"6":0,"7":0,"8":0,"9":0,"10":0,"11":0,"12":0,"13":0},"f":{"0":0,"1":0,"2":0,"3":0,"4":0,"5":0,"6":0,"7":0,"8":0},"b":{"0":[0,0],"1":[0,0],"2":[0,0]},"_coverageSchema":"1a1c01bbd47fc00a2c39e90264f33305004495a9","hash":"345ad05d0ca0ec97745d39fe96ab24e640fe4598"}
,"/home/runner/work/MemoryWhole/MemoryWhole/src/components/ReferenceConfirmation.js": {"path":"/home/runner/work/MemoryWhole/MemoryWhole/src/components/ReferenceConfirmation.js","statementMap":{"0":{"start":{"line":20,"column":52},"end":{"line":20,"column":64}},"1":{"start":{"line":21,"column":44},"end":{"line":21,"column":62}},"2":{"start":{"line":22,"column":60},"end":{"line":22,"column":86}},"3":{"start":{"line":23,"column":68},"end":{"line":23,"column":98}},"4":{"start":{"line":26,"column":2},"end":{"line":35,"column":76}},"5":{"start":{"line":27,"column":4},"end":{"line":30,"column":5}},"6":{"start":{"line":28,"column":24},"end":{"line":28,"column":64}},"7":{"start":{"line":29,"column":6},"end":{"line":29,"column":38}},"8":{"start":{"line":32,"column":4},"end":{"line":32,"column":31}},"9":{"start":{"line":33,"column":4},"end":{"line":33,"column":47}},"10":{"start":{"line":34,"column":4},"end":{"line":34,"column":55}},"11":{"start":{"line":37,"column":2},"end":{"line":255,"column":4}},"12":{"start":{"line":64,"column":16},"end":{"line":113,"column":22}},"13":{"start":{"line":131,"column":36},"end":{"line":131,"column":50}},"14":{"start":{"line":132,"column":16},"end":{"line":132,"column":46}},"15":{"start":{"line":133,"column":16},"end":{"line":135,"column":17}},"16":{"start":{"line":134,"column":18},"end":{"line":134,"column":48}},"17":{"start":{"line":136,"column":16},"end":{"line":136,"column":56}},"18":{"start":{"line":160,"column":44},"end":{"line":160,"column":66}},"19":{"start":{"line":161,"column":16},"end":{"line":161,"column":62}},"20":{"start":{"line":162,"column":16},"end":{"line":164,"column":17}},"21":{"start":{"line":163,"column":18},"end":{"line":163,"column":57}},"22":{"start":{"line":165,"column":16},"end":{"line":165,"column":72}},"23":{"start":{"line":187,"column":48},"end":{"line":187,"column":74}},"24":{"start":{"line":188,"column":16},"end":{"line":188,"column":70}},"25":{"start":{"line":189,"column":16},"end":{"line":191,"column":17}},"26":{"start":{"line":190,"column":18},"end":{"line":190,"column":65}},"27":{"start":{"line":192,"column":16},"end":{"line":192,"column":80}}},"fnMap":{"0":{"name":"ReferenceConfirmation","decl":{"start":{"line":9,"column":24},"end":{"line":9,"column":45}},"loc":{"start":{"line":19,"column":3},"end":{"line":256,"column":1}},"line":19},"1":{"name":"(anonymous_1)","decl":{"start":{"line":26,"column":12},"end":{"line":26,"column":13}},"loc":{"start":{"line":26,"column":18},"end":{"line":35,"column":3}},"line":26},"2":{"name":"(anonymous_2)","decl":{"start":{"line":62,"column":49},"end":{"line":62,"column":50}},"loc":{"start":{"line":64,"column":16},"end":{"line":113,"column":22}},"line":64},"3":{"name":"(anonymous_3)","decl":{"start":{"line":130,"column":23},"end":{"line":130,"column":24}},"loc":{"start":{"line":130,"column":29},"end":{"line":137,"column":15}},"line":130},"4":{"name":"(anonymous_4)","decl":{"start":{"line":159,"column":23},"end":{"line":159,"column":24}},"loc":{"start":{"line":159,"column":29},"end":{"line":166,"column":15}},"line":159},"5":{"name":"(anonymous_5)","decl":{"start":{"line":186,"column":23},"end":{"line":186,"column":24}},"loc":{"start":{"line":186,"column":29},"end":{"line":193,"column":15}},"line":186}},"branchMap":{"0":{"loc":{"start":{"line":27,"column":4},"end":{"line":30,"column":5}},"type":"if","locations":[{"start":{"line":27,"column":4},"end":{"line":30,"column":5}},{"start":{},"end":{}}],"line":27},"1":{"loc":{"start":{"line":56,"column":9},"end":{"line":117,"column":9}},"type":"binary-expr","locations":[{"start":{"line":56,"column":9},"end":{"line":56,"column":37}},{"start":{"line":57,"column":10},"end":{"line":116,"column":16}}],"line":56},"2":{"loc":{"start":{"line":75,"column":23},"end":{"line":86,"column":23}},"type":"binary-expr","locations":[{"start":{"line":75,"column":23},"end":{"line":75,"column":40}},{"start":{"line":76,"column":24},"end":{"line":85,"column":31}}],"line":75},"3":{"loc":{"start":{"line":87,"column":23},"end":{"line":97,"column":23}},"type":"binary-expr","locations":[{"start":{"line":87,"column":23},"end":{"line":87,"column":48}},{"start":{"line":88,"column":24},"end":{"line":96,"column":31}}],"line":87},"4":{"loc":{"start":{"line":98,"column":23},"end":{"line":107,"column":23}},"type":"binary-expr","locations":[{"start":{"line":98,"column":23},"end":{"line":98,"column":45}},{"start":{"line":99,"column":24},"end":{"line":106,"column":31}}],"line":98},"5":{"loc":{"start":{"line":133,"column":16},"end":{"line":135,"column":17}},"type":"if","locations":[{"start":{"line":133,"column":16},"end":{"line":135,"column":17}},{"start":{},"end":{}}],"line":133},"6":{"loc":{"start":{"line":138,"column":76},"end":{"line":138,"column":183}},"type":"cond-expr","locations":[{"start":{"line":138,"column":92},"end":{"line":138,"column":117}},{"start":{"line":138,"column":120},"end":{"line":138,"column":183}}],"line":138},"7":{"loc":{"start":{"line":140,"column":21},"end":{"line":140,"column":71}},"type":"cond-expr","locations":[{"start":{"line":140,"column":37},"end":{"line":140,"column":52}},{"start":{"line":140,"column":55},"end":{"line":140,"column":71}}],"line":140},"8":{"loc":{"start":{"line":149,"column":15},"end":{"line":149,"column":65}},"type":"cond-expr","locations":[{"start":{"line":149,"column":31},"end":{"line":149,"column":46}},{"start":{"line":149,"column":49},"end":{"line":149,"column":65}}],"line":149},"9":{"loc":{"start":{"line":152,"column":15},"end":{"line":152,"column":108}},"type":"cond-expr","locations":[{"start":{"line":152,"column":31},"end":{"line":152,"column":81}},{"start":{"line":152,"column":84},"end":{"line":152,"column":108}}],"line":152},"10":{"loc":{"start":{"line":162,"column":16},"end":{"line":164,"column":17}},"type":"if","locations":[{"start":{"line":162,"column":16},"end":{"line":164,"column":17}},{"start":{},"end":{}}],"line":162},"11":{"loc":{"start":{"line":167,"column":76},"end":{"line":167,"column":192}},"type":"cond-expr","locations":[{"start":{"line":167,"column":100},"end":{"line":167,"column":126}},{"start":{"line":167,"column":129},"end":{"line":167,"column":192}}],"line":167},"12":{"loc":{"start":{"line":169,"column":21},"end":{"line":169,"column":81}},"type":"cond-expr","locations":[{"start":{"line":169,"column":45},"end":{"line":169,"column":61}},{"start":{"line":169,"column":64},"end":{"line":169,"column":81}}],"line":169},"13":{"loc":{"start":{"line":176,"column":15},"end":{"line":176,"column":75}},"type":"cond-expr","locations":[{"start":{"line":176,"column":39},"end":{"line":176,"column":55}},{"start":{"line":176,"column":58},"end":{"line":176,"column":75}}],"line":176},"14":{"loc":{"start":{"line":179,"column":15},"end":{"line":179,"column":103}},"type":"cond-expr","locations":[{"start":{"line":179,"column":39},"end":{"line":179,"column":76}},{"start":{"line":179,"column":79},"end":{"line":179,"column":103}}],"line":179},"15":{"loc":{"start":{"line":189,"column":16},"end":{"line":191,"column":17}},"type":"if","locations":[{"start":{"line":189,"column":16},"end":{"line":191,"column":17}},{"start":{},"end":{}}],"line":189},"16":{"loc":{"start":{"line":194,"column":76},"end":{"line":194,"column":194}},"type":"cond-expr","locations":[{"start":{"line":194,"column":104},"end":{"line":194,"column":128}},{"start":{"line":194,"column":131},"end":{"line":194,"column":194}}],"line":194},"17":{"loc":{"start":{"line":196,"column":21},"end":{"line":196,"column":93}},"type":"cond-expr","locations":[{"start":{"line":196,"column":49},"end":{"line":196,"column":69}},{"start":{"line":196,"column":72},"end":{"line":196,"column":93}}],"line":196},"18":{"loc":{"start":{"line":204,"column":15},"end":{"line":204,"column":87}},"type":"cond-expr","locations":[{"start":{"line":204,"column":43},"end":{"line":204,"column":63}},{"start":{"line":204,"column":66},"end":{"line":204,"column":87}}],"line":204},"19":{"loc":{"start":{"line":207,"column":15},"end":{"line":207,"column":103}},"type":"cond-expr","locations":[{"start":{"line":207,"column":43},"end":{"line":207,"column":74}},{"start":{"line":207,"column":77},"end":{"line":207,"column":103}}],"line":207}},"s":{"0":0,"1":0,"2":0,"3":0,"4":0,"5":0,"6":0,"7":0,"8":0,"9":0,"10":0,"11":0,"12":0,"13":0,"14":0,"15":0,"16":0,"17":0,"18":0,"19":0,"20":0,"21":0,"22":0,"23":0,"24":0,"25":0,"26":0,"27":0},"f":{"0":0,"1":0,"2":0,"3":0,"4":0,"5":0},"b":{"0":[0,0],"1":[0,0],"2":[0,0],"3":[0,0],"4":[0,0],"5":[0,0],"6":[0,0],"7":[0,0],"8":[0,0],"9":[0,0],"10":[0,0],"11":[0,0],"12":[0,0],"13":[0,0],"14":[0,0],"15":[0,0],"16":[0,0],"17":[0,0],"18":[0,0],"19":[0,0]}}
,"/home/runner/work/MemoryWhole/MemoryWhole/src/components/ReferenceSelection.js": {"path":"/home/runner/work/MemoryWhole/MemoryWhole/src/components/ReferenceSelection.js","statementMap":{"0":{"start":{"line":4,"column":2},"end":{"line":24,"column":4}},"1":{"start":{"line":7,"column":8},"end":{"line":21,"column":14}},"2":{"start":{"line":9,"column":25},"end":{"line":9,"column":53}}},"fnMap":{"0":{"name":"ReferenceSelection","decl":{"start":{"line":3,"column":24},"end":{"line":3,"column":42}},"loc":{"start":{"line":3,"column":73},"end":{"line":25,"column":1}},"line":3},"1":{"name":"(anonymous_1)","decl":{"start":{"line":6,"column":17},"end":{"line":6,"column":18}},"loc":{"start":{"line":7,"column":8},"end":{"line":21,"column":14}},"line":7},"2":{"name":"(anonymous_2)","decl":{"start":{"line":9,"column":19},"end":{"line":9,"column":20}},"loc":{"start":{"line":9,"column":25},"end":{"line":9,"column":53}},"line":9}},"branchMap":{},"s":{"0":0,"1":0,"2":0},"f":{"0":0,"1":0,"2":0},"b":{}}
,"/home/runner/work/MemoryWhole/MemoryWhole/src/components/ReferenceTyping.js": {"path":"/home/runner/work/MemoryWhole/MemoryWhole/src/components/ReferenceTyping.js","statementMap":{"0":{"start":{"line":11,"column":2},"end":{"line":19,"column":3}},"1":{"start":{"line":12,"column":4},"end":{"line":18,"column":6}},"2":{"start":{"line":21,"column":2},"end":{"line":25,"column":4}},"3":{"start":{"line":33,"column":24},"end":{"line":33,"column":83}},"4":{"start":{"line":35,"column":2},"end":{"line":46,"column":4}},"5":{"start":{"line":38,"column":8},"end":{"line":43,"column":10}},"6":{"start":{"line":53,"column":2},"end":{"line":53,"column":27}},"7":{"start":{"line":53,"column":15},"end":{"line":53,"column":27}},"8":{"start":{"line":55,"column":2},"end":{"line":92,"column":4}},"9":{"start":{"line":110,"column":52},"end":{"line":110,"column":67}},"10":{"start":{"line":127,"column":6},"end":{"line":131,"column":4}},"11":{"start":{"line":134,"column":2},"end":{"line":137,"column":36}},"12":{"start":{"line":135,"column":4},"end":{"line":135,"column":42}},"13":{"start":{"line":136,"column":4},"end":{"line":136,"column":57}},"14":{"start":{"line":140,"column":2},"end":{"line":147,"column":69}},"15":{"start":{"line":141,"column":4},"end":{"line":146,"column":5}},"16":{"start":{"line":142,"column":6},"end":{"line":142,"column":31}},"17":{"start":{"line":143,"column":6},"end":{"line":145,"column":7}},"18":{"start":{"line":144,"column":8},"end":{"line":144,"column":29}},"19":{"start":{"line":150,"column":28},"end":{"line":157,"column":3}},"20":{"start":{"line":152,"column":4},"end":{"line":152,"column":33}},"21":{"start":{"line":154,"column":4},"end":{"line":156,"column":5}},"22":{"start":{"line":155,"column":6},"end":{"line":155,"column":23}},"23":{"start":{"line":160,"column":49},"end":{"line":167,"column":3}},"24":{"start":{"line":162,"column":4},"end":{"line":162,"column":33}},"25":{"start":{"line":164,"column":4},"end":{"line":166,"column":5}},"26":{"start":{"line":165,"column":6},"end":{"line":165,"column":27}},"27":{"start":{"line":169,"column":2},"end":{"line":323,"column":4}},"28":{"start":{"line":238,"column":27},"end":{"line":238,"column":53}},"29":{"start":{"line":239,"column":26},"end":{"line":239,"column":53}}},"fnMap":{"0":{"name":"CharacterDisplay","decl":{"start":{"line":9,"column":9},"end":{"line":9,"column":25}},"loc":{"start":{"line":9,"column":56},"end":{"line":26,"column":1}},"line":9},"1":{"name":"ColoredTextDisplay","decl":{"start":{"line":31,"column":9},"end":{"line":31,"column":27}},"loc":{"start":{"line":31,"column":68},"end":{"line":47,"column":1}},"line":31},"2":{"name":"(anonymous_2)","decl":{"start":{"line":37,"column":25},"end":{"line":37,"column":26}},"loc":{"start":{"line":38,"column":8},"end":{"line":43,"column":10}},"line":38},"3":{"name":"ReferenceTextModal","decl":{"start":{"line":52,"column":9},"end":{"line":52,"column":27}},"loc":{"start":{"line":52,"column":61},"end":{"line":93,"column":1}},"line":52},"4":{"name":"ReferenceTyping","decl":{"start":{"line":98,"column":24},"end":{"line":98,"column":39}},"loc":{"start":{"line":108,"column":3},"end":{"line":324,"column":1}},"line":108},"5":{"name":"(anonymous_5)","decl":{"start":{"line":134,"column":12},"end":{"line":134,"column":13}},"loc":{"start":{"line":134,"column":18},"end":{"line":137,"column":3}},"line":134},"6":{"name":"(anonymous_6)","decl":{"start":{"line":140,"column":12},"end":{"line":140,"column":13}},"loc":{"start":{"line":140,"column":18},"end":{"line":147,"column":3}},"line":140},"7":{"name":"(anonymous_7)","decl":{"start":{"line":150,"column":28},"end":{"line":150,"column":29}},"loc":{"start":{"line":150,"column":35},"end":{"line":157,"column":3}},"line":150},"8":{"name":"(anonymous_8)","decl":{"start":{"line":160,"column":49},"end":{"line":160,"column":50}},"loc":{"start":{"line":160,"column":55},"end":{"line":167,"column":3}},"line":160},"9":{"name":"(anonymous_9)","decl":{"start":{"line":238,"column":21},"end":{"line":238,"column":22}},"loc":{"start":{"line":238,"column":27},"end":{"line":238,"column":53}},"line":238},"10":{"name":"(anonymous_10)","decl":{"start":{"line":239,"column":20},"end":{"line":239,"column":21}},"loc":{"start":{"line":239,"column":26},"end":{"line":239,"column":53}},"line":239}},"branchMap":{"0":{"loc":{"start":{"line":11,"column":2},"end":{"line":19,"column":3}},"type":"if","locations":[{"start":{"line":11,"column":2},"end":{"line":19,"column":3}},{"start":{},"end":{}}],"line":11},"1":{"loc":{"start":{"line":11,"column":6},"end":{"line":11,"column":27}},"type":"binary-expr","locations":[{"start":{"line":11,"column":6},"end":{"line":11,"column":13}},{"start":{"line":11,"column":17},"end":{"line":11,"column":27}}],"line":11},"2":{"loc":{"start":{"line":22,"column":21},"end":{"line":22,"column":76}},"type":"cond-expr","locations":[{"start":{"line":22,"column":33},"end":{"line":22,"column":52}},{"start":{"line":22,"column":55},"end":{"line":22,"column":76}}],"line":22},"3":{"loc":{"start":{"line":23,"column":7},"end":{"line":23,"column":17}},"type":"binary-expr","locations":[{"start":{"line":23,"column":7},"end":{"line":23,"column":11}},{"start":{"line":23,"column":15},"end":{"line":23,"column":17}}],"line":23},"4":{"loc":{"start":{"line":53,"column":2},"end":{"line":53,"column":27}},"type":"if","locations":[{"start":{"line":53,"column":2},"end":{"line":53,"column":27}},{"start":{},"end":{}}],"line":53},"5":{"loc":{"start":{"line":103,"column":2},"end":{"line":103,"column":18}},"type":"default-arg","locations":[{"start":{"line":103,"column":13},"end":{"line":103,"column":18}}],"line":103},"6":{"loc":{"start":{"line":105,"column":2},"end":{"line":105,"column":25}},"type":"default-arg","locations":[{"start":{"line":105,"column":21},"end":{"line":105,"column":25}}],"line":105},"7":{"loc":{"start":{"line":106,"column":2},"end":{"line":106,"column":30}},"type":"default-arg","locations":[{"start":{"line":106,"column":25},"end":{"line":106,"column":30}}],"line":106},"8":{"loc":{"start":{"line":141,"column":4},"end":{"line":146,"column":5}},"type":"if","locations":[{"start":{"line":141,"column":4},"end":{"line":146,"column":5}},{"start":{},"end":{}}],"line":141},"9":{"loc":{"start":{"line":143,"column":6},"end":{"line":145,"column":7}},"type":"if","locations":[{"start":{"line":143,"column":6},"end":{"line":145,"column":7}},{"start":{},"end":{}}],"line":143},"10":{"loc":{"start":{"line":154,"column":4},"end":{"line":156,"column":5}},"type":"if","locations":[{"start":{"line":154,"column":4},"end":{"line":156,"column":5}},{"start":{},"end":{}}],"line":154},"11":{"loc":{"start":{"line":164,"column":4},"end":{"line":166,"column":5}},"type":"if","locations":[{"start":{"line":164,"column":4},"end":{"line":166,"column":5}},{"start":{},"end":{}}],"line":164},"12":{"loc":{"start":{"line":180,"column":11},"end":{"line":194,"column":11}},"type":"binary-expr","locations":[{"start":{"line":180,"column":11},"end":{"line":180,"column":19}},{"start":{"line":181,"column":12},"end":{"line":193,"column":25}}],"line":180},"13":{"loc":{"start":{"line":215,"column":59},"end":{"line":215,"column":90}},"type":"cond-expr","locations":[{"start":{"line":215,"column":72},"end":{"line":215,"column":85}},{"start":{"line":215,"column":88},"end":{"line":215,"column":90}}],"line":215},"14":{"loc":{"start":{"line":220,"column":13},"end":{"line":222,"column":13}},"type":"binary-expr","locations":[{"start":{"line":220,"column":13},"end":{"line":220,"column":30}},{"start":{"line":220,"column":34},"end":{"line":220,"column":45}},{"start":{"line":221,"column":14},"end":{"line":221,"column":100}}],"line":220},"15":{"loc":{"start":{"line":225,"column":13},"end":{"line":229,"column":13}},"type":"binary-expr","locations":[{"start":{"line":225,"column":13},"end":{"line":225,"column":22}},{"start":{"line":225,"column":26},"end":{"line":225,"column":42}},{"start":{"line":226,"column":14},"end":{"line":228,"column":21}}],"line":225},"16":{"loc":{"start":{"line":245,"column":7},"end":{"line":276,"column":7}},"type":"binary-expr","locations":[{"start":{"line":245,"column":7},"end":{"line":245,"column":18}},{"start":{"line":246,"column":8},"end":{"line":275,"column":14}}],"line":245},"17":{"loc":{"start":{"line":261,"column":13},"end":{"line":271,"column":13}},"type":"binary-expr","locations":[{"start":{"line":261,"column":13},"end":{"line":261,"column":26}},{"start":{"line":262,"column":14},"end":{"line":270,"column":30}}],"line":261},"18":{"loc":{"start":{"line":279,"column":7},"end":{"line":312,"column":7}},"type":"binary-expr","locations":[{"start":{"line":279,"column":7},"end":{"line":279,"column":22}},{"start":{"line":280,"column":8},"end":{"line":311,"column":21}}],"line":279},"19":{"loc":{"start":{"line":285,"column":11},"end":{"line":300,"column":11}},"type":"binary-expr","locations":[{"start":{"line":285,"column":11},"end":{"line":285,"column":19}},{"start":{"line":286,"column":12},"end":{"line":299,"column":18}}],"line":285},"20":{"loc":{"start":{"line":315,"column":7},"end":{"line":321,"column":7}},"type":"binary-expr","locations":[{"start":{"line":315,"column":7},"end":{"line":315,"column":28}},{"start":{"line":316,"column":8},"end":{"line":320,"column":10}}],"line":315}},"s":{"0":0,"1":0,"2":0,"3":0,"4":0,"5":0,"6":0,"7":0,"8":0,"9":0,"10":0,"11":0,"12":0,"13":0,"14":0,"15":0,"16":0,"17":0,"18":0,"19":0,"20":0,"21":0,"22":0,"23":0,"24":0,"25":0,"26":0,"27":0,"28":0,"29":0},"f":{"0":0,"1":0,"2":0,"3":0,"4":0,"5":0,"6":0,"7":0,"8":0,"9":0,"10":0},"b":{"0":[0,0],"1":[0,0],"2":[0,0],"3":[0,0],"4":[0,0],"5":[0],"6":[0],"7":[0],"8":[0,0],"9":[0,0],"10":[0,0],"11":[0,0],"12":[0,0],"13":[0,0],"14":[0,0,0],"15":[0,0,0],"16":[0,0],"17":[0,0],"18":[0,0],"19":[0,0],"20":[0,0]}}
,"/home/runner/work/MemoryWhole/MemoryWhole/src/components/ResetConfirmationModal.js": {"path":"/home/runner/work/MemoryWhole/MemoryWhole/src/components/ResetConfirmationModal.js","statementMap":{"0":{"start":{"line":11,"column":24},"end":{"line":14,"column":3}},"1":{"start":{"line":12,"column":4},"end":{"line":12,"column":35}},"2":{"start":{"line":13,"column":4},"end":{"line":13,"column":16}},"3":{"start":{"line":16,"column":23},"end":{"line":19,"column":3}},"4":{"start":{"line":17,"column":4},"end":{"line":17,"column":35}},"5":{"start":{"line":18,"column":4},"end":{"line":18,"column":15}},"6":{"start":{"line":21,"column":2},"end":{"line":46,"column":4}}},"fnMap":{"0":{"name":"ResetConfirmationModal","decl":{"start":{"line":9,"column":9},"end":{"line":9,"column":31}},"loc":{"start":{"line":9,"column":57},"end":{"line":47,"column":1}},"line":9},"1":{"name":"(anonymous_1)","decl":{"start":{"line":11,"column":24},"end":{"line":11,"column":25}},"loc":{"start":{"line":11,"column":30},"end":{"line":14,"column":3}},"line":11},"2":{"name":"(anonymous_2)","decl":{"start":{"line":16,"column":23},"end":{"line":16,"column":24}},"loc":{"start":{"line":16,"column":29},"end":{"line":19,"column":3}},"line":16}},"branchMap":{},"s":{"0":0,"1":0,"2":0,"3":0,"4":0,"5":0,"6":0},"f":{"0":0,"1":0,"2":0},"b":{},"_coverageSchema":"1a1c01bbd47fc00a2c39e90264f33305004495a9","hash":"989ef7bf09f73cfc04776bad21b7915f66a17555"}
,"/home/runner/work/MemoryWhole/MemoryWhole/src/components/Timer.js": {"path":"/home/runner/work/MemoryWhole/MemoryWhole/src/components/Timer.js","statementMap":{"0":{"start":{"line":10,"column":40},"end":{"line":10,"column":51}},"1":{"start":{"line":12,"column":2},"end":{"line":29,"column":31}},"2":{"start":{"line":15,"column":4},"end":{"line":22,"column":5}},"3":{"start":{"line":17,"column":24},"end":{"line":17,"column":48}},"4":{"start":{"line":19,"column":6},"end":{"line":21,"column":14}},"5":{"start":{"line":20,"column":8},"end":{"line":20,"column":47}},"6":{"start":{"line":24,"column":4},"end":{"line":28,"column":6}},"7":{"start":{"line":25,"column":6},"end":{"line":27,"column":7}},"8":{"start":{"line":26,"column":8},"end":{"line":26,"column":29}},"9":{"start":{"line":31,"column":2},"end":{"line":35,"column":4}}},"fnMap":{"0":{"name":"Timer","decl":{"start":{"line":9,"column":24},"end":{"line":9,"column":29}},"loc":{"start":{"line":9,"column":53},"end":{"line":36,"column":1}},"line":9},"1":{"name":"(anonymous_1)","decl":{"start":{"line":12,"column":12},"end":{"line":12,"column":13}},"loc":{"start":{"line":12,"column":18},"end":{"line":29,"column":3}},"line":12},"2":{"name":"(anonymous_2)","decl":{"start":{"line":19,"column":26},"end":{"line":19,"column":27}},"loc":{"start":{"line":19,"column":32},"end":{"line":21,"column":7}},"line":19},"3":{"name":"(anonymous_3)","decl":{"start":{"line":24,"column":11},"end":{"line":24,"column":12}},"loc":{"start":{"line":24,"column":17},"end":{"line":28,"column":5}},"line":24}},"branchMap":{"0":{"loc":{"start":{"line":9,"column":32},"end":{"line":9,"column":49}},"type":"default-arg","locations":[{"start":{"line":9,"column":44},"end":{"line":9,"column":49}}],"line":9},"1":{"loc":{"start":{"line":15,"column":4},"end":{"line":22,"column":5}},"type":"if","locations":[{"start":{"line":15,"column":4},"end":{"line":22,"column":5}},{"start":{},"end":{}}],"line":15},"2":{"loc":{"start":{"line":25,"column":6},"end":{"line":27,"column":7}},"type":"if","locations":[{"start":{"line":25,"column":6},"end":{"line":27,"column":7}},{"start":{},"end":{}}],"line":25}},"s":{"0":0,"1":0,"2":0,"3":0,"4":0,"5":0,"6":0,"7":0,"8":0,"9":0},"f":{"0":0,"1":0,"2":0,"3":0},"b":{"0":[0],"1":[0,0],"2":[0,0]},"_coverageSchema":"1a1c01bbd47fc00a2c39e90264f33305004495a9","hash":"3b348878db0909ec91aadd126ce722972a1bef5a"}
,"/home/runner/work/MemoryWhole/MemoryWhole/src/components/TutorialGuide.js": {"path":"/home/runner/work/MemoryWhole/MemoryWhole/src/components/TutorialGuide.js","statementMap":{"0":{"start":{"line":4,"column":22},"end":{"line":34,"column":1}},"1":{"start":{"line":37,"column":40},"end":{"line":37,"column":51}},"2":{"start":{"line":39,"column":2},"end":{"line":105,"column":4}},"3":{"start":{"line":64,"column":14},"end":{"line":69,"column":16}},"4":{"start":{"line":76,"column":31},"end":{"line":76,"column":63}},"5":{"start":{"line":76,"column":54},"end":{"line":76,"column":62}},"6":{"start":{"line":86,"column":31},"end":{"line":86,"column":63}},"7":{"start":{"line":86,"column":54},"end":{"line":86,"column":62}}},"fnMap":{"0":{"name":"TutorialGuide","decl":{"start":{"line":36,"column":24},"end":{"line":36,"column":37}},"loc":{"start":{"line":36,"column":54},"end":{"line":106,"column":1}},"line":36},"1":{"name":"(anonymous_1)","decl":{"start":{"line":63,"column":31},"end":{"line":63,"column":32}},"loc":{"start":{"line":64,"column":14},"end":{"line":69,"column":16}},"line":64},"2":{"name":"(anonymous_2)","decl":{"start":{"line":76,"column":25},"end":{"line":76,"column":26}},"loc":{"start":{"line":76,"column":31},"end":{"line":76,"column":63}},"line":76},"3":{"name":"(anonymous_3)","decl":{"start":{"line":76,"column":46},"end":{"line":76,"column":47}},"loc":{"start":{"line":76,"column":54},"end":{"line":76,"column":62}},"line":76},"4":{"name":"(anonymous_4)","decl":{"start":{"line":86,"column":25},"end":{"line":86,"column":26}},"loc":{"start":{"line":86,"column":31},"end":{"line":86,"column":63}},"line":86},"5":{"name":"(anonymous_5)","decl":{"start":{"line":86,"column":46},"end":{"line":86,"column":47}},"loc":{"start":{"line":86,"column":54},"end":{"line":86,"column":62}},"line":86}},"branchMap":{"0":{"loc":{"start":{"line":67,"column":18},"end":{"line":67,"column":90}},"type":"cond-expr","locations":[{"start":{"line":67,"column":42},"end":{"line":67,"column":57}},{"start":{"line":67,"column":60},"end":{"line":67,"column":90}}],"line":67},"1":{"loc":{"start":{"line":74,"column":13},"end":{"line":82,"column":13}},"type":"binary-expr","locations":[{"start":{"line":74,"column":13},"end":{"line":74,"column":28}},{"start":{"line":75,"column":14},"end":{"line":81,"column":23}}],"line":74},"2":{"loc":{"start":{"line":84,"column":13},"end":{"line":100,"column":13}},"type":"cond-expr","locations":[{"start":{"line":85,"column":14},"end":{"line":91,"column":23}},{"start":{"line":93,"column":14},"end":{"line":99,"column":23}}],"line":84}},"s":{"0":1,"1":3,"2":3,"3":15,"4":0,"5":0,"6":0,"7":0},"f":{"0":3,"1":15,"2":0,"3":0,"4":0,"5":0},"b":{"0":[3,12],"1":[3,0],"2":[3,0]},"_coverageSchema":"1a1c01bbd47fc00a2c39e90264f33305004495a9","hash":"7d2c803888ec032c7f420063d28ec25c15677013"}
,"/home/runner/work/MemoryWhole/MemoryWhole/src/contexts/AppStateContext.js": {"path":"/home/runner/work/MemoryWhole/MemoryWhole/src/contexts/AppStateContext.js","statementMap":{"0":{"start":{"line":7,"column":24},"end":{"line":7,"column":39}},"1":{"start":{"line":11,"column":18},"end":{"line":11,"column":45}},"2":{"start":{"line":12,"column":2},"end":{"line":14,"column":3}},"3":{"start":{"line":13,"column":4},"end":{"line":13,"column":75}},"4":{"start":{"line":15,"column":2},"end":{"line":15,"column":17}},"5":{"start":{"line":21,"column":25},"end":{"line":21,"column":44}},"6":{"start":{"line":24,"column":25},"end":{"line":24,"column":44}},"7":{"start":{"line":27,"column":26},"end":{"line":27,"column":37}},"8":{"start":{"line":28,"column":52},"end":{"line":28,"column":64}},"9":{"start":{"line":29,"column":36},"end":{"line":29,"column":48}},"10":{"start":{"line":30,"column":38},"end":{"line":30,"column":53}},"11":{"start":{"line":31,"column":46},"end":{"line":31,"column":57}},"12":{"start":{"line":32,"column":50},"end":{"line":32,"column":65}},"13":{"start":{"line":33,"column":38},"end":{"line":33,"column":53}},"14":{"start":{"line":36,"column":40},"end":{"line":36,"column":54}},"15":{"start":{"line":37,"column":42},"end":{"line":37,"column":54}},"16":{"start":{"line":38,"column":50},"end":{"line":38,"column":61}},"17":{"start":{"line":39,"column":48},"end":{"line":39,"column":63}},"18":{"start":{"line":40,"column":52},"end":{"line":40,"column":67}},"19":{"start":{"line":41,"column":56},"end":{"line":41,"column":68}},"20":{"start":{"line":44,"column":2},"end":{"line":47,"column":9}},"21":{"start":{"line":45,"column":29},"end":{"line":45,"column":70}},"22":{"start":{"line":46,"column":4},"end":{"line":46,"column":38}},"23":{"start":{"line":50,"column":33},"end":{"line":79,"column":3}},"24":{"start":{"line":54,"column":22},"end":{"line":54,"column":57}},"25":{"start":{"line":57,"column":6},"end":{"line":59,"column":7}},"26":{"start":{"line":58,"column":8},"end":{"line":58,"column":65}},"27":{"start":{"line":61,"column":6},"end":{"line":61,"column":21}},"28":{"start":{"line":67,"column":27},"end":{"line":67,"column":80}},"29":{"start":{"line":67,"column":61},"end":{"line":67,"column":79}},"30":{"start":{"line":70,"column":22},"end":{"line":70,"column":55}},"31":{"start":{"line":73,"column":6},"end":{"line":75,"column":7}},"32":{"start":{"line":74,"column":8},"end":{"line":74,"column":71}},"33":{"start":{"line":77,"column":6},"end":{"line":77,"column":21}},"34":{"start":{"line":82,"column":16},"end":{"line":158,"column":3}},"35":{"start":{"line":121,"column":6},"end":{"line":121,"column":29}},"36":{"start":{"line":122,"column":6},"end":{"line":122,"column":31}},"37":{"start":{"line":123,"column":6},"end":{"line":123,"column":29}},"38":{"start":{"line":124,"column":6},"end":{"line":124,"column":31}},"39":{"start":{"line":125,"column":6},"end":{"line":125,"column":34}},"40":{"start":{"line":126,"column":6},"end":{"line":126,"column":33}},"41":{"start":{"line":131,"column":6},"end":{"line":131,"column":63}},"42":{"start":{"line":131,"column":37},"end":{"line":131,"column":61}},"43":{"start":{"line":132,"column":6},"end":{"line":132,"column":44}},"44":{"start":{"line":132,"column":34},"end":{"line":132,"column":42}},"45":{"start":{"line":133,"column":6},"end":{"line":133,"column":27}},"46":{"start":{"line":134,"column":6},"end":{"line":134,"column":23}},"47":{"start":{"line":139,"column":6},"end":{"line":139,"column":33}},"48":{"start":{"line":140,"column":6},"end":{"line":140,"column":32}},"49":{"start":{"line":145,"column":6},"end":{"line":145,"column":27}},"50":{"start":{"line":146,"column":6},"end":{"line":146,"column":26}},"51":{"start":{"line":147,"column":6},"end":{"line":147,"column":29}},"52":{"start":{"line":148,"column":6},"end":{"line":148,"column":32}},"53":{"start":{"line":149,"column":6},"end":{"line":149,"column":34}},"54":{"start":{"line":155,"column":6},"end":{"line":155,"column":47}},"55":{"start":{"line":156,"column":6},"end":{"line":156,"column":17}},"56":{"start":{"line":160,"column":2},"end":{"line":164,"column":4}}},"fnMap":{"0":{"name":"useAppState","decl":{"start":{"line":10,"column":16},"end":{"line":10,"column":27}},"loc":{"start":{"line":10,"column":30},"end":{"line":16,"column":1}},"line":10},"1":{"name":"AppStateProvider","decl":{"start":{"line":19,"column":16},"end":{"line":19,"column":32}},"loc":{"start":{"line":19,"column":47},"end":{"line":165,"column":1}},"line":19},"2":{"name":"(anonymous_2)","decl":{"start":{"line":44,"column":12},"end":{"line":44,"column":13}},"loc":{"start":{"line":44,"column":18},"end":{"line":47,"column":3}},"line":44},"3":{"name":"(anonymous_3)","decl":{"start":{"line":52,"column":16},"end":{"line":52,"column":17}},"loc":{"start":{"line":52,"column":30},"end":{"line":62,"column":5}},"line":52},"4":{"name":"(anonymous_4)","decl":{"start":{"line":65,"column":16},"end":{"line":65,"column":17}},"loc":{"start":{"line":65,"column":28},"end":{"line":78,"column":5}},"line":65},"5":{"name":"(anonymous_5)","decl":{"start":{"line":67,"column":53},"end":{"line":67,"column":54}},"loc":{"start":{"line":67,"column":61},"end":{"line":67,"column":79}},"line":67},"6":{"name":"(anonymous_6)","decl":{"start":{"line":120,"column":20},"end":{"line":120,"column":21}},"loc":{"start":{"line":120,"column":41},"end":{"line":127,"column":5}},"line":120},"7":{"name":"(anonymous_7)","decl":{"start":{"line":130,"column":19},"end":{"line":130,"column":20}},"loc":{"start":{"line":130,"column":38},"end":{"line":135,"column":5}},"line":130},"8":{"name":"(anonymous_8)","decl":{"start":{"line":131,"column":29},"end":{"line":131,"column":30}},"loc":{"start":{"line":131,"column":37},"end":{"line":131,"column":61}},"line":131},"9":{"name":"(anonymous_9)","decl":{"start":{"line":132,"column":26},"end":{"line":132,"column":27}},"loc":{"start":{"line":132,"column":34},"end":{"line":132,"column":42}},"line":132},"10":{"name":"(anonymous_10)","decl":{"start":{"line":138,"column":23},"end":{"line":138,"column":24}},"loc":{"start":{"line":138,"column":29},"end":{"line":141,"column":5}},"line":138},"11":{"name":"(anonymous_11)","decl":{"start":{"line":144,"column":19},"end":{"line":144,"column":20}},"loc":{"start":{"line":144,"column":25},"end":{"line":151,"column":5}},"line":144},"12":{"name":"(anonymous_12)","decl":{"start":{"line":154,"column":22},"end":{"line":154,"column":23}},"loc":{"start":{"line":154,"column":28},"end":{"line":157,"column":5}},"line":154}},"branchMap":{"0":{"loc":{"start":{"line":12,"column":2},"end":{"line":14,"column":3}},"type":"if","locations":[{"start":{"line":12,"column":2},"end":{"line":14,"column":3}},{"start":{},"end":{}}],"line":12},"1":{"loc":{"start":{"line":46,"column":12},"end":{"line":46,"column":36}},"type":"cond-expr","locations":[{"start":{"line":46,"column":31},"end":{"line":46,"column":32}},{"start":{"line":46,"column":35},"end":{"line":46,"column":36}}],"line":46},"2":{"loc":{"start":{"line":57,"column":6},"end":{"line":59,"column":7}},"type":"if","locations":[{"start":{"line":57,"column":6},"end":{"line":59,"column":7}},{"start":{},"end":{}}],"line":57},"3":{"loc":{"start":{"line":57,"column":10},"end":{"line":57,"column":49}},"type":"binary-expr","locations":[{"start":{"line":57,"column":10},"end":{"line":57,"column":17}},{"start":{"line":57,"column":21},"end":{"line":57,"column":31}},{"start":{"line":57,"column":35},"end":{"line":57,"column":49}}],"line":57},"4":{"loc":{"start":{"line":73,"column":6},"end":{"line":75,"column":7}},"type":"if","locations":[{"start":{"line":73,"column":6},"end":{"line":75,"column":7}},{"start":{},"end":{}}],"line":73},"5":{"loc":{"start":{"line":73,"column":10},"end":{"line":73,"column":56}},"type":"binary-expr","locations":[{"start":{"line":73,"column":10},"end":{"line":73,"column":17}},{"start":{"line":73,"column":21},"end":{"line":73,"column":33}},{"start":{"line":73,"column":37},"end":{"line":73,"column":56}}],"line":73}},"s":{"0":2,"1":11,"2":11,"3":0,"4":11,"5":5,"6":5,"7":5,"8":5,"9":5,"10":5,"11":5,"12":5,"13":5,"14":5,"15":5,"16":5,"17":5,"18":5,"19":5,"20":5,"21":3,"22":3,"23":5,"24":1,"25":1,"26":1,"27":1,"28":1,"29":1,"30":1,"31":1,"32":1,"33":1,"34":5,"35":0,"36":0,"37":0,"38":0,"39":0,"40":0,"41":0,"42":0,"43":0,"44":0,"45":0,"46":0,"47":0,"48":0,"49":0,"50":0,"51":0,"52":0,"53":0,"54":0,"55":0,"56":5},"f":{"0":11,"1":5,"2":3,"3":1,"4":1,"5":1,"6":0,"7":0,"8":0,"9":0,"10":0,"11":0,"12":0},"b":{"0":[0,11],"1":[0,3],"2":[1,0],"3":[1,1,1],"4":[1,0],"5":[1,1,1]},"_coverageSchema":"1a1c01bbd47fc00a2c39e90264f33305004495a9","hash":"bc5b6acbd5eb363a7b4e5c84661fa1fe3b28467d"}
,"/home/runner/work/MemoryWhole/MemoryWhole/src/contexts/UserPreferencesContext.js": {"path":"/home/runner/work/MemoryWhole/MemoryWhole/src/contexts/UserPreferencesContext.js","statementMap":{"0":{"start":{"line":5,"column":31},"end":{"line":5,"column":46}},"1":{"start":{"line":9,"column":18},"end":{"line":9,"column":52}},"2":{"start":{"line":10,"column":2},"end":{"line":12,"column":3}},"3":{"start":{"line":11,"column":4},"end":{"line":11,"column":88}},"4":{"start":{"line":13,"column":2},"end":{"line":13,"column":17}},"5":{"start":{"line":19,"column":34},"end":{"line":19,"column":49}},"6":{"start":{"line":20,"column":34},"end":{"line":20,"column":49}},"7":{"start":{"line":21,"column":50},"end":{"line":21,"column":64}},"8":{"start":{"line":22,"column":58},"end":{"line":22,"column":73}},"9":{"start":{"line":25,"column":2},"end":{"line":35,"column":9}},"10":{"start":{"line":26,"column":26},"end":{"line":26,"column":59}},"11":{"start":{"line":27,"column":26},"end":{"line":27,"column":59}},"12":{"start":{"line":28,"column":34},"end":{"line":28,"column":74}},"13":{"start":{"line":29,"column":38},"end":{"line":29,"column":83}},"14":{"start":{"line":31,"column":4},"end":{"line":31,"column":31}},"15":{"start":{"line":32,"column":4},"end":{"line":32,"column":31}},"16":{"start":{"line":33,"column":4},"end":{"line":33,"column":47}},"17":{"start":{"line":34,"column":4},"end":{"line":34,"column":55}},"18":{"start":{"line":38,"column":2},"end":{"line":41,"column":17}},"19":{"start":{"line":39,"column":4},"end":{"line":39,"column":64}},"20":{"start":{"line":40,"column":4},"end":{"line":40,"column":41}},"21":{"start":{"line":44,"column":2},"end":{"line":46,"column":17}},"22":{"start":{"line":45,"column":4},"end":{"line":45,"column":41}},"23":{"start":{"line":48,"column":2},"end":{"line":50,"column":25}},"24":{"start":{"line":49,"column":4},"end":{"line":49,"column":57}},"25":{"start":{"line":52,"column":2},"end":{"line":54,"column":29}},"26":{"start":{"line":53,"column":4},"end":{"line":53,"column":65}},"27":{"start":{"line":57,"column":25},"end":{"line":59,"column":3}},"28":{"start":{"line":58,"column":4},"end":{"line":58,"column":39}},"29":{"start":{"line":58,"column":28},"end":{"line":58,"column":37}},"30":{"start":{"line":61,"column":25},"end":{"line":63,"column":3}},"31":{"start":{"line":62,"column":4},"end":{"line":62,"column":39}},"32":{"start":{"line":62,"column":28},"end":{"line":62,"column":37}},"33":{"start":{"line":65,"column":26},"end":{"line":67,"column":3}},"34":{"start":{"line":66,"column":4},"end":{"line":66,"column":53}},"35":{"start":{"line":66,"column":39},"end":{"line":66,"column":51}},"36":{"start":{"line":69,"column":30},"end":{"line":71,"column":3}},"37":{"start":{"line":70,"column":4},"end":{"line":70,"column":57}},"38":{"start":{"line":70,"column":43},"end":{"line":70,"column":55}},"39":{"start":{"line":73,"column":16},"end":{"line":85,"column":3}},"40":{"start":{"line":87,"column":2},"end":{"line":91,"column":4}}},"fnMap":{"0":{"name":"useUserPreferences","decl":{"start":{"line":8,"column":16},"end":{"line":8,"column":34}},"loc":{"start":{"line":8,"column":37},"end":{"line":14,"column":1}},"line":8},"1":{"name":"UserPreferencesProvider","decl":{"start":{"line":17,"column":16},"end":{"line":17,"column":39}},"loc":{"start":{"line":17,"column":54},"end":{"line":92,"column":1}},"line":17},"2":{"name":"(anonymous_2)","decl":{"start":{"line":25,"column":12},"end":{"line":25,"column":13}},"loc":{"start":{"line":25,"column":18},"end":{"line":35,"column":3}},"line":25},"3":{"name":"(anonymous_3)","decl":{"start":{"line":38,"column":12},"end":{"line":38,"column":13}},"loc":{"start":{"line":38,"column":18},"end":{"line":41,"column":3}},"line":38},"4":{"name":"(anonymous_4)","decl":{"start":{"line":44,"column":12},"end":{"line":44,"column":13}},"loc":{"start":{"line":44,"column":18},"end":{"line":46,"column":3}},"line":44},"5":{"name":"(anonymous_5)","decl":{"start":{"line":48,"column":12},"end":{"line":48,"column":13}},"loc":{"start":{"line":48,"column":18},"end":{"line":50,"column":3}},"line":48},"6":{"name":"(anonymous_6)","decl":{"start":{"line":52,"column":12},"end":{"line":52,"column":13}},"loc":{"start":{"line":52,"column":18},"end":{"line":54,"column":3}},"line":52},"7":{"name":"(anonymous_7)","decl":{"start":{"line":57,"column":25},"end":{"line":57,"column":26}},"loc":{"start":{"line":57,"column":31},"end":{"line":59,"column":3}},"line":57},"8":{"name":"(anonymous_8)","decl":{"start":{"line":58,"column":16},"end":{"line":58,"column":17}},"loc":{"start":{"line":58,"column":28},"end":{"line":58,"column":37}},"line":58},"9":{"name":"(anonymous_9)","decl":{"start":{"line":61,"column":25},"end":{"line":61,"column":26}},"loc":{"start":{"line":61,"column":31},"end":{"line":63,"column":3}},"line":61},"10":{"name":"(anonymous_10)","decl":{"start":{"line":62,"column":16},"end":{"line":62,"column":17}},"loc":{"start":{"line":62,"column":28},"end":{"line":62,"column":37}},"line":62},"11":{"name":"(anonymous_11)","decl":{"start":{"line":65,"column":26},"end":{"line":65,"column":27}},"loc":{"start":{"line":65,"column":32},"end":{"line":67,"column":3}},"line":65},"12":{"name":"(anonymous_12)","decl":{"start":{"line":66,"column":24},"end":{"line":66,"column":25}},"loc":{"start":{"line":66,"column":39},"end":{"line":66,"column":51}},"line":66},"13":{"name":"(anonymous_13)","decl":{"start":{"line":69,"column":30},"end":{"line":69,"column":31}},"loc":{"start":{"line":69,"column":36},"end":{"line":71,"column":3}},"line":69},"14":{"name":"(anonymous_14)","decl":{"start":{"line":70,"column":28},"end":{"line":70,"column":29}},"loc":{"start":{"line":70,"column":43},"end":{"line":70,"column":55}},"line":70}},"branchMap":{"0":{"loc":{"start":{"line":10,"column":2},"end":{"line":12,"column":3}},"type":"if","locations":[{"start":{"line":10,"column":2},"end":{"line":12,"column":3}},{"start":{},"end":{}}],"line":10}},"s":{"0":1,"1":6,"2":6,"3":0,"4":6,"5":1,"6":1,"7":1,"8":1,"9":1,"10":1,"11":1,"12":1,"13":1,"14":1,"15":1,"16":1,"17":1,"18":1,"19":1,"20":1,"21":1,"22":1,"23":1,"24":1,"25":1,"26":1,"27":1,"28":0,"29":0,"30":1,"31":0,"32":0,"33":1,"34":0,"35":0,"36":1,"37":0,"38":0,"39":1,"40":1},"f":{"0":6,"1":1,"2":1,"3":1,"4":1,"5":1,"6":1,"7":0,"8":0,"9":0,"10":0,"11":0,"12":0,"13":0,"14":0},"b":{"0":[0,6]},"_coverageSchema":"1a1c01bbd47fc00a2c39e90264f33305004495a9","hash":"7b88776dae199c504eb6538383039daf5ddf1279"}
,"/home/runner/work/MemoryWhole/MemoryWhole/src/features/completion/index.js": {"path":"/home/runner/work/MemoryWhole/MemoryWhole/src/features/completion/index.js","statementMap":{},"fnMap":{},"branchMap":{},"s":{},"f":{},"b":{},"_coverageSchema":"1a1c01bbd47fc00a2c39e90264f33305004495a9","hash":"6809a8601804d30835515f4c16c280a9bf4cdde2"}
,"/home/runner/work/MemoryWhole/MemoryWhole/src/features/completion/components/CompletionPage.js": {"path":"/home/runner/work/MemoryWhole/MemoryWhole/src/features/completion/components/CompletionPage.js","statementMap":{"0":{"start":{"line":8,"column":2},"end":{"line":91,"column":4}}},"fnMap":{"0":{"name":"CompletionPage","decl":{"start":{"line":7,"column":9},"end":{"line":7,"column":23}},"loc":{"start":{"line":7,"column":72},"end":{"line":92,"column":1}},"line":7}},"branchMap":{},"s":{"0":0},"f":{"0":0},"b":{},"_coverageSchema":"1a1c01bbd47fc00a2c39e90264f33305004495a9","hash":"18beb94a0a5f3f80148713d790cd2ba4fff97898"}
,"/home/runner/work/MemoryWhole/MemoryWhole/src/features/completion/components/DeckCompletionPage.js": {"path":"/home/runner/work/MemoryWhole/MemoryWhole/src/features/completion/components/DeckCompletionPage.js","statementMap":{"0":{"start":{"line":15,"column":20},"end":{"line":15,"column":72}},"1":{"start":{"line":15,"column":58},"end":{"line":15,"column":68}},"2":{"start":{"line":16,"column":22},"end":{"line":16,"column":89}},"3":{"start":{"line":18,"column":2},"end":{"line":90,"column":4}}},"fnMap":{"0":{"name":"DeckCompletionPage","decl":{"start":{"line":8,"column":9},"end":{"line":8,"column":27}},"loc":{"start":{"line":13,"column":3},"end":{"line":91,"column":1}},"line":13},"1":{"name":"(anonymous_1)","decl":{"start":{"line":15,"column":43},"end":{"line":15,"column":44}},"loc":{"start":{"line":15,"column":58},"end":{"line":15,"column":68}},"line":15}},"branchMap":{"0":{"loc":{"start":{"line":16,"column":22},"end":{"line":16,"column":89}},"type":"cond-expr","locations":[{"start":{"line":16,"column":51},"end":{"line":16,"column":85}},{"start":{"line":16,"column":88},"end":{"line":16,"column":89}}],"line":16}},"s":{"0":0,"1":0,"2":0,"3":0},"f":{"0":0,"1":0},"b":{"0":[0,0]},"_coverageSchema":"1a1c01bbd47fc00a2c39e90264f33305004495a9","hash":"cafe63b551bbbc7bf6a7cbf9b0b1022505894371"}
,"/home/runner/work/MemoryWhole/MemoryWhole/src/features/deck-study/index.js": {"path":"/home/runner/work/MemoryWhole/MemoryWhole/src/features/deck-study/index.js","statementMap":{},"fnMap":{},"branchMap":{},"s":{},"f":{},"b":{},"_coverageSchema":"1a1c01bbd47fc00a2c39e90264f33305004495a9","hash":"9fc4534bffcdeb0185f1f8acb7f71b8419947b2c"}
,"/home/runner/work/MemoryWhole/MemoryWhole/src/features/deck-study/components/DeckStudyMode.js": {"path":"/home/runner/work/MemoryWhole/MemoryWhole/src/features/deck-study/components/DeckStudyMode.js","statementMap":{"0":{"start":{"line":31,"column":6},"end":{"line":31,"column":19}},"1":{"start":{"line":34,"column":22},"end":{"line":34,"column":65}},"2":{"start":{"line":34,"column":41},"end":{"line":34,"column":64}},"3":{"start":{"line":35,"column":21},"end":{"line":35,"column":40}},"4":{"start":{"line":38,"column":2},"end":{"line":50,"column":142}},"5":{"start":{"line":39,"column":4},"end":{"line":49,"column":5}},"6":{"start":{"line":41,"column":6},"end":{"line":41,"column":36}},"7":{"start":{"line":43,"column":6},"end":{"line":43,"column":26}},"8":{"start":{"line":45,"column":6},"end":{"line":45,"column":22}},"9":{"start":{"line":46,"column":11},"end":{"line":49,"column":5}},"10":{"start":{"line":48,"column":6},"end":{"line":48,"column":26}},"11":{"start":{"line":52,"column":2},"end":{"line":95,"column":4}}},"fnMap":{"0":{"name":"DeckStudyMode","decl":{"start":{"line":9,"column":9},"end":{"line":9,"column":22}},"loc":{"start":{"line":23,"column":3},"end":{"line":96,"column":1}},"line":23},"1":{"name":"(anonymous_1)","decl":{"start":{"line":34,"column":33},"end":{"line":34,"column":34}},"loc":{"start":{"line":34,"column":41},"end":{"line":34,"column":64}},"line":34},"2":{"name":"(anonymous_2)","decl":{"start":{"line":38,"column":12},"end":{"line":38,"column":13}},"loc":{"start":{"line":38,"column":18},"end":{"line":50,"column":3}},"line":38}},"branchMap":{"0":{"loc":{"start":{"line":15,"column":2},"end":{"line":15,"column":18}},"type":"default-arg","locations":[{"start":{"line":15,"column":13},"end":{"line":15,"column":18}}],"line":15},"1":{"loc":{"start":{"line":17,"column":2},"end":{"line":17,"column":25}},"type":"default-arg","locations":[{"start":{"line":17,"column":21},"end":{"line":17,"column":25}}],"line":17},"2":{"loc":{"start":{"line":18,"column":2},"end":{"line":18,"column":30}},"type":"default-arg","locations":[{"start":{"line":18,"column":25},"end":{"line":18,"column":30}}],"line":18},"3":{"loc":{"start":{"line":39,"column":4},"end":{"line":49,"column":5}},"type":"if","locations":[{"start":{"line":39,"column":4},"end":{"line":49,"column":5}},{"start":{"line":46,"column":11},"end":{"line":49,"column":5}}],"line":39},"4":{"loc":{"start":{"line":39,"column":8},"end":{"line":39,"column":64}},"type":"binary-expr","locations":[{"start":{"line":39,"column":8},"end":{"line":39,"column":18}},{"start":{"line":39,"column":22},"end":{"line":39,"column":64}}],"line":39},"5":{"loc":{"start":{"line":46,"column":11},"end":{"line":49,"column":5}},"type":"if","locations":[{"start":{"line":46,"column":11},"end":{"line":49,"column":5}},{"start":{},"end":{}}],"line":46},"6":{"loc":{"start":{"line":46,"column":15},"end":{"line":46,"column":73}},"type":"binary-expr","locations":[{"start":{"line":46,"column":15},"end":{"line":46,"column":25}},{"start":{"line":46,"column":29},"end":{"line":46,"column":73}}],"line":46},"7":{"loc":{"start":{"line":62,"column":51},"end":{"line":62,"column":97}},"type":"cond-expr","locations":[{"start":{"line":62,"column":65},"end":{"line":62,"column":82}},{"start":{"line":62,"column":85},"end":{"line":62,"column":97}}],"line":62}},"s":{"0":0,"1":0,"2":0,"3":0,"4":0,"5":0,"6":0,"7":0,"8":0,"9":0,"10":0,"11":0},"f":{"0":0,"1":0,"2":0},"b":{"0":[0],"1":[0],"2":[0],"3":[0,0],"4":[0,0],"5":[0,0],"6":[0,0],"7":[0,0]},"_coverageSchema":"1a1c01bbd47fc00a2c39e90264f33305004495a9","hash":"c18f59ea0e52012ac39cb4a50cff55f099a38067"}
,"/home/runner/work/MemoryWhole/MemoryWhole/src/features/home/HomePage.js": {"path":"/home/runner/work/MemoryWhole/MemoryWhole/src/features/home/HomePage.js","statementMap":{"0":{"start":{"line":34,"column":48},"end":{"line":34,"column":63}},"1":{"start":{"line":35,"column":42},"end":{"line":35,"column":57}},"2":{"start":{"line":36,"column":42},"end":{"line":36,"column":57}},"3":{"start":{"line":38,"column":27},"end":{"line":45,"column":3}},"4":{"start":{"line":39,"column":4},"end":{"line":43,"column":5}},"5":{"start":{"line":40,"column":6},"end":{"line":40,"column":52}},"6":{"start":{"line":42,"column":6},"end":{"line":42,"column":32}},"7":{"start":{"line":44,"column":4},"end":{"line":44,"column":27}},"8":{"start":{"line":47,"column":31},"end":{"line":59,"column":3}},"9":{"start":{"line":48,"column":4},"end":{"line":58,"column":5}},"10":{"start":{"line":49,"column":6},"end":{"line":49,"column":52}},"11":{"start":{"line":50,"column":6},"end":{"line":50,"column":29}},"12":{"start":{"line":53,"column":22},"end":{"line":53,"column":47}},"13":{"start":{"line":54,"column":6},"end":{"line":56,"column":7}},"14":{"start":{"line":55,"column":8},"end":{"line":55,"column":37}},"15":{"start":{"line":57,"column":6},"end":{"line":57,"column":29}},"16":{"start":{"line":61,"column":28},"end":{"line":64,"column":3}},"17":{"start":{"line":62,"column":4},"end":{"line":62,"column":29}},"18":{"start":{"line":63,"column":4},"end":{"line":63,"column":27}},"19":{"start":{"line":66,"column":28},"end":{"line":69,"column":3}},"20":{"start":{"line":67,"column":4},"end":{"line":67,"column":30}},"21":{"start":{"line":68,"column":4},"end":{"line":68,"column":26}},"22":{"start":{"line":71,"column":28},"end":{"line":79,"column":3}},"23":{"start":{"line":73,"column":4},"end":{"line":76,"column":7}},"24":{"start":{"line":75,"column":6},"end":{"line":75,"column":62}},"25":{"start":{"line":77,"column":4},"end":{"line":77,"column":30}},"26":{"start":{"line":78,"column":4},"end":{"line":78,"column":27}},"27":{"start":{"line":81,"column":27},"end":{"line":84,"column":3}},"28":{"start":{"line":82,"column":4},"end":{"line":82,"column":26}},"29":{"start":{"line":83,"column":4},"end":{"line":83,"column":27}},"30":{"start":{"line":86,"column":27},"end":{"line":89,"column":3}},"31":{"start":{"line":87,"column":4},"end":{"line":87,"column":26}},"32":{"start":{"line":88,"column":4},"end":{"line":88,"column":27}},"33":{"start":{"line":91,"column":29},"end":{"line":94,"column":3}},"34":{"start":{"line":92,"column":4},"end":{"line":92,"column":27}},"35":{"start":{"line":93,"column":4},"end":{"line":93,"column":19}},"36":{"start":{"line":96,"column":33},"end":{"line":99,"column":3}},"37":{"start":{"line":97,"column":4},"end":{"line":97,"column":27}},"38":{"start":{"line":98,"column":4},"end":{"line":98,"column":23}},"39":{"start":{"line":101,"column":27},"end":{"line":103,"column":3}},"40":{"start":{"line":102,"column":4},"end":{"line":102,"column":30}},"41":{"start":{"line":105,"column":31},"end":{"line":107,"column":3}},"42":{"start":{"line":106,"column":4},"end":{"line":106,"column":27}},"43":{"start":{"line":110,"column":2},"end":{"line":120,"column":3}},"44":{"start":{"line":111,"column":17},"end":{"line":111,"column":69}},"45":{"start":{"line":111,"column":33},"end":{"line":111,"column":60}},"46":{"start":{"line":112,"column":4},"end":{"line":119,"column":6}},"47":{"start":{"line":123,"column":2},"end":{"line":131,"column":3}},"48":{"start":{"line":124,"column":4},"end":{"line":130,"column":6}},"49":{"start":{"line":134,"column":2},"end":{"line":141,"column":3}},"50":{"start":{"line":135,"column":4},"end":{"line":140,"column":6}},"51":{"start":{"line":144,"column":2},"end":{"line":216,"column":3}},"52":{"start":{"line":145,"column":25},"end":{"line":145,"column":72}},"53":{"start":{"line":145,"column":41},"end":{"line":145,"column":63}},"54":{"start":{"line":146,"column":4},"end":{"line":215,"column":6}},"55":{"start":{"line":172,"column":10},"end":{"line":172,"column":29}},"56":{"start":{"line":173,"column":10},"end":{"line":177,"column":13}},"57":{"start":{"line":219,"column":2},"end":{"line":227,"column":3}},"58":{"start":{"line":220,"column":4},"end":{"line":226,"column":6}},"59":{"start":{"line":230,"column":2},"end":{"line":246,"column":3}},"60":{"start":{"line":231,"column":25},"end":{"line":231,"column":72}},"61":{"start":{"line":231,"column":41},"end":{"line":231,"column":63}},"62":{"start":{"line":232,"column":4},"end":{"line":232,"column":35}},"63":{"start":{"line":232,"column":23},"end":{"line":232,"column":35}},"64":{"start":{"line":234,"column":4},"end":{"line":245,"column":6}},"65":{"start":{"line":249,"column":2},"end":{"line":259,"column":4}}},"fnMap":{"0":{"name":"HomePage","decl":{"start":{"line":11,"column":9},"end":{"line":11,"column":17}},"loc":{"start":{"line":33,"column":3},"end":{"line":260,"column":1}},"line":33},"1":{"name":"(anonymous_1)","decl":{"start":{"line":38,"column":27},"end":{"line":38,"column":28}},"loc":{"start":{"line":38,"column":41},"end":{"line":45,"column":3}},"line":38},"2":{"name":"(anonymous_2)","decl":{"start":{"line":47,"column":31},"end":{"line":47,"column":32}},"loc":{"start":{"line":47,"column":45},"end":{"line":59,"column":3}},"line":47},"3":{"name":"(anonymous_3)","decl":{"start":{"line":61,"column":28},"end":{"line":61,"column":29}},"loc":{"start":{"line":61,"column":34},"end":{"line":64,"column":3}},"line":61},"4":{"name":"(anonymous_4)","decl":{"start":{"line":66,"column":28},"end":{"line":66,"column":29}},"loc":{"start":{"line":66,"column":34},"end":{"line":69,"column":3}},"line":66},"5":{"name":"(anonymous_5)","decl":{"start":{"line":71,"column":28},"end":{"line":71,"column":29}},"loc":{"start":{"line":71,"column":43},"end":{"line":79,"column":3}},"line":71},"6":{"name":"(anonymous_6)","decl":{"start":{"line":73,"column":22},"end":{"line":73,"column":23}},"loc":{"start":{"line":73,"column":34},"end":{"line":76,"column":5}},"line":73},"7":{"name":"(anonymous_7)","decl":{"start":{"line":81,"column":27},"end":{"line":81,"column":28}},"loc":{"start":{"line":81,"column":33},"end":{"line":84,"column":3}},"line":81},"8":{"name":"(anonymous_8)","decl":{"start":{"line":86,"column":27},"end":{"line":86,"column":28}},"loc":{"start":{"line":86,"column":33},"end":{"line":89,"column":3}},"line":86},"9":{"name":"(anonymous_9)","decl":{"start":{"line":91,"column":29},"end":{"line":91,"column":30}},"loc":{"start":{"line":91,"column":35},"end":{"line":94,"column":3}},"line":91},"10":{"name":"(anonymous_10)","decl":{"star
[...]
ame":"formatTime","decl":{"start":{"line":22,"column":16},"end":{"line":22,"column":26}},"loc":{"start":{"line":22,"column":36},"end":{"line":26,"column":1}},"line":22},"2":{"name":"formatDate","decl":{"start":{"line":33,"column":16},"end":{"line":33,"column":26}},"loc":{"start":{"line":33,"column":38},"end":{"line":44,"column":1}},"line":33},"3":{"name":"hasMistakes","decl":{"start":{"line":52,"column":16},"end":{"line":52,"column":27}},"loc":{"start":{"line":52,"column":50},"end":{"line":54,"column":1}},"line":52},"4":{"name":"(anonymous_4)","decl":{"start":{"line":53,"column":34},"end":{"line":53,"column":35}},"loc":{"start":{"line":53,"column":51},"end":{"line":53,"column":76}},"line":53},"5":{"name":"findLastCorrectIndex","decl":{"start":{"line":62,"column":16},"end":{"line":62,"column":36}},"loc":{"start":{"line":62,"column":59},"end":{"line":72,"column":1}},"line":62},"6":{"name":"getCharacterCorrectness","decl":{"start":{"line":81,"column":16},"end":{"line":81,"column":39}},"loc":{"start":{"line":81,"column":80},"end":{"line":114,"column":1}},"line":81},"7":{"name":"(anonymous_7)","decl":{"start":{"line":83,"column":33},"end":{"line":83,"column":34}},"loc":{"start":{"line":83,"column":50},"end":{"line":113,"column":3}},"line":83},"8":{"name":"loadCardsFromStorage","decl":{"start":{"line":122,"column":16},"end":{"line":122,"column":36}},"loc":{"start":{"line":122,"column":51},"end":{"line":143,"column":1}},"line":122},"9":{"name":"(anonymous_9)","decl":{"start":{"line":132,"column":56},"end":{"line":132,"column":57}},"loc":{"start":{"line":132,"column":65},"end":{"line":135,"column":5}},"line":132},"10":{"name":"saveCardsToStorage","decl":{"start":{"line":149,"column":16},"end":{"line":149,"column":34}},"loc":{"start":{"line":149,"column":42},"end":{"line":157,"column":1}},"line":149},"11":{"name":"loadPreference","decl":{"start":{"line":165,"column":16},"end":{"line":165,"column":30}},"loc":{"start":{"line":165,"column":50},"end":{"line":173,"column":1}},"line":165},"12":{"name":"savePreference","decl":{"start":{"line":180,"column":16},"end":{"line":180,"column":30}},"loc":{"start":{"line":180,"column":43},"end":{"line":186,"column":1}},"line":180},"13":{"name":"savePersonalBestTime","decl":{"start":{"line":196,"column":16},"end":{"line":196,"column":36}},"loc":{"start":{"line":196,"column":135},"end":{"line":225,"column":1}},"line":196},"14":{"name":"(anonymous_14)","decl":{"start":{"line":215,"column":23},"end":{"line":215,"column":24}},"loc":{"start":{"line":215,"column":33},"end":{"line":215,"column":48}},"line":215},"15":{"name":"loadPersonalBestTimes","decl":{"start":{"line":232,"column":16},"end":{"line":232,"column":37}},"loc":{"start":{"line":232,"column":53},"end":{"line":245,"column":1}},"line":232},"16":{"name":"loadAllPersonalBestTimes","decl":{"start":{"line":251,"column":16},"end":{"line":251,"column":40}},"loc":{"start":{"line":251,"column":43},"end":{"line":282,"column":1}},"line":251},"17":{"name":"loadDecksFromStorage","decl":{"start":{"line":289,"column":16},"end":{"line":289,"column":36}},"loc":{"start":{"line":289,"column":51},"end":{"line":310,"column":1}},"line":289},"18":{"name":"(anonymous_18)","decl":{"start":{"line":299,"column":56},"end":{"line":299,"column":57}},"loc":{"start":{"line":299,"column":65},"end":{"line":302,"column":5}},"line":299},"19":{"name":"saveDecksToStorage","decl":{"start":{"line":316,"column":16},"end":{"line":316,"column":34}},"loc":{"start":{"line":316,"column":42},"end":{"line":324,"column":1}},"line":316}},"branchMap":{"0":{"loc":{"start":{"line":9,"column":2},"end":{"line":9,"column":23}},"type":"if","locations":[{"start":{"line":9,"column":2},"end":{"line":9,"column":23}},{"start":{},"end":{}}],"line":9},"1":{"loc":{"start":{"line":34,"column":2},"end":{"line":34,"column":28}},"type":"if","locations":[{"start":{"line":34,"column":2},"end":{"line":34,"column":28}},{"start":{},"end":{}}],"line":34},"2":{"loc":{"start":{"line":65,"column":4},"end":{"line":69,"column":5}},"type":"if","locations":[{"start":{"line":65,"column":4},"end":{"line":69,"column":5}},{"start":{"line":67,"column":11},"end":{"line":69,"column":5}}],"line":65},"3":{"loc":{"start":{"line":81,"column":62},"end":{"line":81,"column":78}},"type":"default-arg","locations":[{"start":{"line":81,"column":73},"end":{"line":81,"column":78}}],"line":81},"4":{"loc":{"start":{"line":86,"column":4},"end":{"line":101,"column":5}},"type":"if","locations":[{"start":{"line":86,"column":4},"end":{"line":101,"column":5}},{"start":{"line":98,"column":11},"end":{"line":101,"column":5}}],"line":86},"5":{"loc":{"start":{"line":89,"column":22},"end":{"line":89,"column":76}},"type":"cond-expr","locations":[{"start":{"line":89,"column":41},"end":{"line":89,"column":71}},{"start":{"line":89,"column":74},"end":{"line":89,"column":76}}],"line":89},"6":{"loc":{"start":{"line":97,"column":22},"end":{"line":97,"column":78}},"type":"binary-expr","locations":[{"start":{"line":97,"column":22},"end":{"line":97,"column":35}},{"start":{"line":97,"column":40},"end":{"line":97,"column":60}},{"start":{"line":97,"column":64},"end":{"line":97,"column":77}}],"line":97},"7":{"loc":{"start":{"line":100,"column":22},"end":{"line":100,"column":64}},"type":"binary-expr","locations":[{"start":{"line":100,"column":22},"end":{"line":100,"column":35}},{"start":{"line":100,"column":39},"end":{"line":100,"column":64}}],"line":100},"8":{"loc":{"start":{"line":104,"column":4},"end":{"line":106,"column":5}},"type":"if","locations":[{"start":{"line":104,"column":4},"end":{"line":106,"column":5}},{"start":{},"end":{}}],"line":104},"9":{"loc":{"start":{"line":104,"column":8},"end":{"line":104,"column":39}},"type":"binary-expr","locations":[{"start":{"line":104,"column":8},"end":{"line":104,"column":21}},{"start":{"line":104,"column":25},"end":{"line":104,"column":39}}],"line":104},"10":{"loc":{"start":{"line":125,"column":4},"end":{"line":129,"column":5}},"type":"if","locations":[{"start":{"line":125,"column":4},"end":{"line":129,"column":5}},{"start":{},"end":{}}],"line":125},"11":{"loc":{"start":{"line":134,"column":17},"end":{"line":134,"column":45}},"type":"binary-expr","locations":[{"start":{"line":134,"column":17},"end":{"line":134,"column":31}},{"start":{"line":134,"column":35},"end":{"line":134,"column":45}}],"line":134},"12":{"loc":{"start":{"line":151,"column":4},"end":{"line":153,"column":5}},"type":"if","locations":[{"start":{"line":151,"column":4},"end":{"line":153,"column":5}},{"start":{},"end":{}}],"line":151},"13":{"loc":{"start":{"line":151,"column":8},"end":{"line":151,"column":33}},"type":"binary-expr","locations":[{"start":{"line":151,"column":8},"end":{"line":151,"column":13}},{"start":{"line":151,"column":17},"end":{"line":151,"column":33}}],"line":151},"14":{"loc":{"start":{"line":168,"column":11},"end":{"line":168,"column":70}},"type":"cond-expr","locations":[{"start":{"line":168,"column":33},"end":{"line":168,"column":55}},{"start":{"line":168,"column":58},"end":{"line":168,"column":70}}],"line":168},"15":{"loc":{"start":{"line":196,"column":68},"end":{"line":196,"column":84}},"type":"default-arg","locations":[{"start":{"line":196,"column":79},"end":{"line":196,"column":84}}],"line":196},"16":{"loc":{"start":{"line":196,"column":86},"end":{"line":196,"column":110}},"type":"default-arg","locations":[{"start":{"line":196,"column":105},"end":{"line":196,"column":110}}],"line":196},"17":{"loc":{"start":{"line":196,"column":112},"end":{"line":196,"column":133}},"type":"default-arg","locations":[{"start":{"line":196,"column":128},"end":{"line":196,"column":133}}],"line":196},"18":{"loc":{"start":{"line":240,"column":11},"end":{"line":240,"column":51}},"type":"cond-expr","locations":[{"start":{"line":240,"column":24},"end":{"line":240,"column":46}},{"start":{"line":240,"column":49},"end":{"line":240,"column":51}}],"line":240},"19":{"loc":{"start":{"line":260,"column":6},"end":{"line":274,"column":7}},"type":"if","locations":[{"start":{"line":260,"column":6},"end":{"line":274,"column":7}},{"start":{},"end":{}}],"line":260},"20":{"loc":{"start":{"line":260,"column":10},"end":{"line":260,"column":48}},"type":"binary-expr","locations":[{"start":{"line":260,"column":10},"end":{"line":260,"column":13}},{"start":{"line":260,"column":17},"end":{"line":260,"column":48}}],"line":260},"21":{"loc":{"start":{"line":268,"column":8},"end":{"line":273,"column":9}},"type":"if","locations":[{"start":{"line":268,"column":8},"end":{"line":273,"column":9}},{"start":{},"end":{}}],"line":268},"22":{"loc":{"start":{"line":268,"column":12},"end":{"line":268,"column":37}},"type":"binary-expr","locations":[{"start":{"line":268,"column":12},"end":{"line":268,"column":17}},{"start":{"line":268,"column":21},"end":{"line":268,"column":37}}],"line":268},"23":{"loc":{"start":{"line":292,"column":4},"end":{"line":296,"column":5}},"type":"if","locations":[{"start":{"line":292,"column":4},"end":{"line":296,"column":5}},{"start":{},"end":{}}],"line":292},"24":{"loc":{"start":{"line":301,"column":17},"end":{"line":301,"column":45}},"type":"binary-expr","locations":[{"start":{"line":301,"column":17},"end":{"line":301,"column":31}},{"start":{"line":301,"column":35},"end":{"line":301,"column":45}}],"line":301},"25":{"loc":{"start":{"line":318,"column":4},"end":{"line":320,"column":5}},"type":"if","locations":[{"start":{"line":318,"column":4},"end":{"line":320,"column":5}},{"start":{},"end":{}}],"line":318},"26":{"loc":{"start":{"line":318,"column":8},"end":{"line":318,"column":33}},"type":"binary-expr","locations":[{"start":{"line":318,"column":8},"end":{"line":318,"column":13}},{"start":{"line":318,"column":17},"end":{"line":318,"column":33}}],"line":318}},"s":{"0":5,"1":2,"2":3,"3":3,"4":3,"5":4,"6":4,"7":4,"8":4,"9":2,"10":2,"11":2,"12":5,"13":24,"14":4,"15":4,"16":4,"17":11,"18":9,"19":2,"20":4,"21":7,"22":7,"23":43,"24":43,"25":11,"26":11,"27":11,"28":11,"29":32,"30":43,"31":4,"32":43,"33":1,"34":1,"35":1,"36":0,"37":0,"38":0,"39":1,"40":1,"41":9,"42":1,"43":1,"44":0,"45":0,"46":1,"47":1,"48":1,"49":0,"50":5,"51":5,"52":5,"53":0,"54":0,"55":4,"56":4,"57":0,"58":0,"59":0,"60":0,"61":0,"62":0,"63":0,"64":0,"65":0,"66":0,"67":0,"68":0,"69":0,"70":0,"71":0,"72":0,"73":0,"74":0,"75":0,"76":0,"77":0,"78":0,"79":0,"80":0,"81":0,"82":0,"83":0,"84":0,"85":0,"86":1,"87":1,"88":1,"89":0,"90":0,"91":0,"92":1,"93":1,"94":3,"95":1,"96":1,"97":0,"98":0,"99":1,"100":1,"101":1,"102":0},"f":{"0":5,"1":4,"2":4,"3":5,"4":24,"5":4,"6":7,"7":43,"8":1,"9":9,"10":1,"11":5,"12":4,"13":0,"14":0,"15":0,"16":0,"17":1,"18":3,"19":1},"b":{"0":[2,3],"1":[2,2],"2":[9,2],"3":[6],"4":[11,32],"5":[11,0],"6":[11,11,0],"7":[32,16],"8":[4,39],"9":[43,27],"10":[0,1],"11":[9,0],"12":[1,0],"13":[1,1],"14":[0,5],"15":[0],"16":[0],"17":[0],"18":[0,0],"19":[0,0],"20":[0,0],"21":[0,0],"22":[0,0],"23":[0,1],"24":[3,0],"25":[1,0],"26":[1,1]},"_coverageSchema":"1a1c01bbd47fc00a2c39e90264f33305004495a9","hash":"664d355b07341faf693d2021ede1ef2c0a958fb8"}
,"/home/runner/work/MemoryWhole/MemoryWhole/src/utils/typingUtils.js": {"path":"/home/runner/work/MemoryWhole/MemoryWhole/src/utils/typingUtils.js","statementMap":{"0":{"start":{"line":10,"column":2},"end":{"line":10,"column":52}},"1":{"start":{"line":10,"column":40},"end":{"line":10,"column":52}},"2":{"start":{"line":11,"column":29},"end":{"line":11,"column":65}},"3":{"start":{"line":12,"column":2},"end":{"line":12,"column":38}},"4":{"start":{"line":23,"column":2},"end":{"line":25,"column":3}},"5":{"start":{"line":24,"column":4},"end":{"line":24,"column":48}},"6":{"start":{"line":27,"column":21},"end":{"line":27,"column":22}},"7":{"start":{"line":28,"column":2},"end":{"line":33,"column":3}},"8":{"start":{"line":29,"column":4},"end":{"line":31,"column":5}},"9":{"start":{"line":30,"column":6},"end":{"line":30,"column":12}},"10":{"start":{"line":32,"column":4},"end":{"line":32,"column":19}},"11":{"start":{"line":35,"column":20},"end":{"line":35,"column":49}},"12":{"start":{"line":36,"column":2},"end":{"line":36,"column":37}},"13":{"start":{"line":47,"column":2},"end":{"line":47,"column":38}},"14":{"start":{"line":47,"column":28},"end":{"line":47,"column":38}},"15":{"start":{"line":49,"column":27},"end":{"line":49,"column":71}},"16":{"start":{"line":50,"column":2},"end":{"line":50,"column":45}},"17":{"start":{"line":50,"column":35},"end":{"line":50,"column":45}},"18":{"start":{"line":53,"column":2},"end":{"line":53,"column":43}},"19":{"start":{"line":64,"column":2},"end":{"line":64,"column":37}},"20":{"start":{"line":64,"column":28},"end":{"line":64,"column":37}},"21":{"start":{"line":67,"column":2},"end":{"line":69,"column":3}},"22":{"start":{"line":68,"column":4},"end":{"line":68,"column":15}},"23":{"start":{"line":71,"column":21},"end":{"line":71,"column":22}},"24":{"start":{"line":72,"column":20},"end":{"line":72,"column":60}},"25":{"start":{"line":74,"column":2},"end":{"line":78,"column":3}},"26":{"start":{"line":74,"column":15},"end":{"line":74,"column":16}},"27":{"start":{"line":75,"column":4},"end":{"line":77,"column":5}},"28":{"start":{"line":76,"column":6},"end":{"line":76,"column":21}},"29":{"start":{"line":80,"column":2},"end":{"line":80,"column":49}},"30":{"start":{"line":91,"column":2},"end":{"line":91,"column":41}},"31":{"start":{"line":91,"column":28},"end":{"line":91,"column":41}},"32":{"start":{"line":94,"column":2},"end":{"line":94,"column":39}},"33":{"start":{"line":94,"column":27},"end":{"line":94,"column":39}},"34":{"start":{"line":97,"column":2},"end":{"line":106,"column":3}},"35":{"start":{"line":98,"column":21},"end":{"line":98,"column":59}},"36":{"start":{"line":99,"column":26},"end":{"line":99,"column":49}},"37":{"start":{"line":101,"column":4},"end":{"line":105,"column":5}},"38":{"start":{"line":104,"column":6},"end":{"line":104,"column":18}},"39":{"start":{"line":108,"column":2},"end":{"line":108,"column":15}},"40":{"start":{"line":120,"column":19},"end":{"line":120,"column":69}},"41":{"start":{"line":123,"column":2},"end":{"line":123,"column":90}},"42":{"start":{"line":125,"column":2},"end":{"line":125,"column":18}}},"fnMap":{"0":{"name":"isInputCorrect","decl":{"start":{"line":9,"column":16},"end":{"line":9,"column":30}},"loc":{"start":{"line":9,"column":49},"end":{"line":13,"column":1}},"line":9},"1":{"name":"checkCorrectness","decl":{"start":{"line":22,"column":16},"end":{"line":22,"column":32}},"loc":{"start":{"line":22,"column":61},"end":{"line":37,"column":1}},"line":22},"2":{"name":"getGhostText","decl":{"start":{"line":46,"column":16},"end":{"line":46,"column":28}},"loc":{"start":{"line":46,"column":57},"end":{"line":54,"column":1}},"line":46},"3":{"name":"calculateAccuracy","decl":{"start":{"line":63,"column":16},"end":{"line":63,"column":33}},"loc":{"start":{"line":63,"column":62},"end":{"line":81,"column":1}},"line":63},"4":{"name":"isTypingComplete","decl":{"start":{"line":90,"column":16},"end":{"line":90,"column":32}},"loc":{"start":{"line":90,"column":61},"end":{"line":109,"column":1}},"line":90},"5":{"name":"handleCompletion","decl":{"start":{"line":119,"column":16},"end":{"line":119,"column":32}},"loc":{"start":{"line":119,"column":90},"end":{"line":126,"column":1}},"line":119}},"branchMap":{"0":{"loc":{"start":{"line":10,"column":2},"end":{"line":10,"column":52}},"type":"if","locations":[{"start":{"line":10,"column":2},"end":{"line":10,"column":52}},{"start":{},"end":{}}],"line":10},"1":{"loc":{"start":{"line":10,"column":6},"end":{"line":10,"column":38}},"type":"binary-expr","locations":[{"start":{"line":10,"column":6},"end":{"line":10,"column":16}},{"start":{"line":10,"column":20},"end":{"line":10,"column":38}}],"line":10},"2":{"loc":{"start":{"line":23,"column":2},"end":{"line":25,"column":3}},"type":"if","locations":[{"start":{"line":23,"column":2},"end":{"line":25,"column":3}},{"start":{},"end":{}}],"line":23},"3":{"loc":{"start":{"line":23,"column":6},"end":{"line":23,"column":26}},"type":"binary-expr","locations":[{"start":{"line":23,"column":6},"end":{"line":23,"column":16}},{"start":{"line":23,"column":20},"end":{"line":23,"column":26}}],"line":23},"4":{"loc":{"start":{"line":28,"column":9},"end":{"line":28,"column":71}},"type":"binary-expr","locations":[{"start":{"line":28,"column":9},"end":{"line":28,"column":36}},{"start":{"line":28,"column":40},"end":{"line":28,"column":71}}],"line":28},"5":{"loc":{"start":{"line":29,"column":4},"end":{"line":31,"column":5}},"type":"if","locations":[{"start":{"line":29,"column":4},"end":{"line":31,"column":5}},{"start":{},"end":{}}],"line":29},"6":{"loc":{"start":{"line":47,"column":2},"end":{"line":47,"column":38}},"type":"if","locations":[{"start":{"line":47,"column":2},"end":{"line":47,"column":38}},{"start":{},"end":{}}],"line":47},"7":{"loc":{"start":{"line":47,"column":6},"end":{"line":47,"column":26}},"type":"binary-expr","locations":[{"start":{"line":47,"column":6},"end":{"line":47,"column":16}},{"start":{"line":47,"column":20},"end":{"line":47,"column":26}}],"line":47},"8":{"loc":{"start":{"line":50,"column":2},"end":{"line":50,"column":45}},"type":"if","locations":[{"start":{"line":50,"column":2},"end":{"line":50,"column":45}},{"start":{},"end":{}}],"line":50},"9":{"loc":{"start":{"line":64,"column":2},"end":{"line":64,"column":37}},"type":"if","locations":[{"start":{"line":64,"column":2},"end":{"line":64,"column":37}},{"start":{},"end":{}}],"line":64},"10":{"loc":{"start":{"line":64,"column":6},"end":{"line":64,"column":26}},"type":"binary-expr","locations":[{"start":{"line":64,"column":6},"end":{"line":64,"column":16}},{"start":{"line":64,"column":20},"end":{"line":64,"column":26}}],"line":64},"11":{"loc":{"start":{"line":67,"column":2},"end":{"line":69,"column":3}},"type":"if","locations":[{"start":{"line":67,"column":2},"end":{"line":69,"column":3}},{"start":{},"end":{}}],"line":67},"12":{"loc":{"start":{"line":75,"column":4},"end":{"line":77,"column":5}},"type":"if","locations":[{"start":{"line":75,"column":4},"end":{"line":77,"column":5}},{"start":{},"end":{}}],"line":75},"13":{"loc":{"start":{"line":91,"column":2},"end":{"line":91,"column":41}},"type":"if","locations":[{"start":{"line":91,"column":2},"end":{"line":91,"column":41}},{"start":{},"end":{}}],"line":91},"14":{"loc":{"start":{"line":91,"column":6},"end":{"line":91,"column":26}},"type":"binary-expr","locations":[{"start":{"line":91,"column":6},"end":{"line":91,"column":16}},{"start":{"line":91,"column":20},"end":{"line":91,"column":26}}],"line":91},"15":{"loc":{"start":{"line":94,"column":2},"end":{"line":94,"column":39}},"type":"if","locations":[{"start":{"line":94,"column":2},"end":{"line":94,"column":39}},{"start":{},"end":{}}],"line":94},"16":{"loc":{"start":{"line":97,"column":2},"end":{"line":106,"column":3}},"type":"if","locations":[{"start":{"line":97,"column":2},"end":{"line":106,"column":3}},{"start":{},"end":{}}],"line":97},"17":{"loc":{"start":{"line":101,"column":4},"end":{"line":105,"column":5}},"type":"if","locations":[{"start":{"line":101,"column":4},"end":{"line":105,"column":5}},{"start":{},"end":{}}],"line":101},"18":{"loc":{"start":{"line":101,"column":8},"end":{"line":103,"column":21}},"type":"binary-expr","locations":[{"start":{"line":101,"column":8},"end":{"line":101,"column":45}},{"start":{"line":102,"column":8},"end":{"line":102,"column":40}},{"start":{"line":103,"column":8},"end":{"line":103,"column":21}}],"line":101}},"s":{"0":7,"1":2,"2":5,"3":5,"4":0,"5":0,"6":0,"7":0,"8":0,"9":0,"10":0,"11":0,"12":0,"13":0,"14":0,"15":0,"16":0,"17":0,"18":0,"19":0,"20":0,"21":0,"22":0,"23":0,"24":0,"25":0,"26":0,"27":0,"28":0,"29":0,"30":11,"31":2,"32":9,"33":1,"34":8,"35":7,"36":7,"37":7,"38":4,"39":4,"40":1,"41":1,"42":1},"f":{"0":7,"1":0,"2":0,"3":0,"4":11,"5":1},"b":{"0":[2,5],"1":[7,6],"2":[0,0],"3":[0,0],"4":[0,0],"5":[0,0],"6":[0,0],"7":[0,0],"8":[0,0],"9":[0,0],"10":[0,0],"11":[0,0],"12":[0,0],"13":[2,9],"14":[11,10],"15":[1,8],"16":[7,1],"17":[4,3],"18":[7,5,5]},"_coverageSchema":"1a1c01bbd47fc00a2c39e90264f33305004495a9","hash":"18ce9094ea6ff47360b70d950367888f0eb754ff"}
}
