TN:
SF:src/App.js
FN:27,AppContent
FN:77,(anonymous_1)
FN:96,(anonymous_2)
FN:103,(anonymous_3)
FN:178,(anonymous_4)
FN:190,App
FNF:6
FNH:3
FNDA:7,AppContent
FNDA:0,(anonymous_1)
FNDA:0,(anonymous_2)
FNDA:0,(anonymous_3)
FNDA:2,(anonymous_4)
FNDA:5,App
DA:53,7
DA:69,7
DA:71,7
DA:74,7
DA:77,7
DA:78,0
DA:79,0
DA:83,7
DA:96,0
DA:103,0
DA:178,2
DA:191,5
LF:12
LH:8
BRDA:85,0,0,3
BRDA:85,0,1,4
BRDA:89,1,0,4
BRDA:89,1,1,4
BRDA:115,2,0,4
BRDA:115,2,1,0
BRDA:129,3,0,0
BRDA:129,3,1,4
BRDA:129,4,0,4
BRDA:129,4,1,0
BRDA:145,5,0,4
BRDA:145,5,1,0
BRDA:160,6,0,4
BRDA:160,6,1,0
BRDA:166,7,0,4
BRDA:166,7,1,3
BRDA:166,7,2,3
BRDA:166,7,3,1
BRDA:175,8,0,4
BRDA:175,8,1,2
BRDA:178,9,0,2
BRDA:178,9,1,0
BRF:22
BRH:16
end_of_record
TN:
SF:src/index.js
FNF:0
FNH:0
DA:7,0
DA:8,0
DA:17,0
LF:3
LH:0
BRF:0
BRH:0
end_of_record
TN:
SF:src/reportWebVitals.js
FN:1,(anonymous_0)
FN:3,(anonymous_1)
FNF:2
FNH:0
FNDA:0,(anonymous_0)
FNDA:0,(anonymous_1)
DA:1,0
DA:2,0
DA:3,0
DA:4,0
DA:5,0
DA:6,0
DA:7,0
DA:8,0
LF:8
LH:0
BRDA:2,0,0,0
BRDA:2,0,1,0
BRDA:2,1,0,0
BRDA:2,1,1,0
BRF:4
BRH:0
end_of_record
TN:
SF:src/components/BatchUploadPage.js
FN:3,BatchUploadPage
FN:10,(anonymous_1)
FN:18,(anonymous_2)
FN:37,(anonymous_3)
FN:62,(anonymous_4)
FN:73,(anonymous_5)
FN:121,(anonymous_6)
FN:169,(anonymous_7)
FNF:8
FNH:0
FNDA:0,BatchUploadPage
FNDA:0,(anonymous_1)
FNDA:0,(anonymous_2)
FNDA:0,(anonymous_3)
FNDA:0,(anonymous_4)
FNDA:0,(anonymous_5)
FNDA:0,(anonymous_6)
FNDA:0,(anonymous_7)
DA:4,0
DA:5,0
DA:6,0
DA:7,0
DA:10,0
DA:11,0
DA:12,0
DA:13,0
DA:14,0
DA:18,0
DA:19,0
DA:20,0
DA:21,0
DA:24,0
DA:25,0
DA:28,0
DA:29,0
DA:30,0
DA:34,0
DA:35,0
DA:37,0
DA:38,0
DA:39,0
DA:41,0
DA:45,0
DA:46,0
DA:47,0
DA:50,0
DA:51,0
DA:52,0
DA:55,0
DA:57,0
DA:62,0
DA:63,0
DA:65,0
DA:66,0
DA:67,0
DA:70,0
DA:73,0
DA:75,0
DA:90,0
DA:91,0
DA:92,0
DA:95,0
DA:121,0
DA:170,0
LF:46
LH:0
BRDA:19,0,0,0
BRDA:19,0,1,0
BRDA:28,1,0,0
BRDA:28,1,1,0
BRDA:38,2,0,0
BRDA:38,2,1,0
BRDA:38,3,0,0
BRDA:38,3,1,0
BRDA:38,3,2,0
BRDA:38,3,3,0
BRDA:45,4,0,0
BRDA:45,4,1,0
BRDA:50,5,0,0
BRDA:50,5,1,0
BRDA:65,6,0,0
BRDA:65,6,1,0
BRDA:157,7,0,0
BRDA:157,7,1,0
BRDA:162,8,0,0
BRDA:162,8,1,0
BRDA:173,9,0,0
BRDA:173,9,1,0
BRDA:192,10,0,0
BRDA:192,10,1,0
BRF:24
BRH:0
end_of_record
TN:
SF:src/components/BestTimesPage.js
FN:8,BestTimesPage
FN:12,(anonymous_1)
FN:54,(anonymous_2)
FN:61,(anonymous_3)
FNF:4
FNH:0
FNDA:0,BestTimesPage
FNDA:0,(anonymous_1)
FNDA:0,(anonymous_2)
FNDA:0,(anonymous_3)
DA:9,0
DA:12,0
DA:13,0
DA:14,0
DA:17,0
DA:56,0
DA:63,0
LF:7
LH:0
BRDA:43,0,0,0
BRDA:43,0,1,0
BRDA:74,1,0,0
BRDA:74,1,1,0
BRDA:86,2,0,0
BRDA:86,2,1,0
BRDA:97,3,0,0
BRDA:97,3,1,0
BRF:8
BRH:0
end_of_record
TN:
SF:src/components/CompletionPage.js
FN:7,CompletionPage
FNF:1
FNH:0
FNDA:0,CompletionPage
DA:11,0
LF:1
LH:0
BRF:0
BRH:0
end_of_record
TN:
SF:src/components/DeckForm.js
FN:6,DeckForm
FN:10,(anonymous_1)
FN:21,(anonymous_2)
FN:23,(anonymous_3)
FN:26,(anonymous_4)
FNF:5
FNH:0
FNDA:0,DeckForm
FNDA:0,(anonymous_1)
FNDA:0,(anonymous_2)
FNDA:0,(anonymous_3)
FNDA:0,(anonymous_4)
DA:7,0
DA:10,0
DA:11,0
DA:12,0
DA:17,0
DA:21,0
DA:22,0
DA:23,0
DA:26,0
DA:27,0
DA:29,0
DA:30,0
DA:31,0
DA:34,0
DA:35,0
DA:38,0
LF:16
LH:0
BRDA:11,0,0,0
BRDA:11,0,1,0
BRDA:13,1,0,0
BRDA:13,1,1,0
BRDA:14,2,0,0
BRDA:14,2,1,0
BRDA:29,3,0,0
BRDA:29,3,1,0
BRDA:44,4,0,0
BRDA:44,4,1,0
BRDA:44,5,0,0
BRDA:44,5,1,0
BRDA:92,6,0,0
BRDA:92,6,1,0
BRDA:92,7,0,0
BRDA:92,7,1,0
BRF:16
BRH:0
end_of_record
TN:
SF:src/components/DeckList.js
FN:7,DeckItem
FN:13,(anonymous_1)
FN:17,(anonymous_2)
FN:20,(anonymous_3)
FN:33,(anonymous_4)
FN:64,(anonymous_5)
FN:74,(anonymous_6)
FN:92,DeckList
FN:126,(anonymous_8)
FNF:9
FNH:0
FNDA:0,DeckItem
FNDA:0,(anonymous_1)
FNDA:0,(anonymous_2)
FNDA:0,(anonymous_3)
FNDA:0,(anonymous_4)
FNDA:0,(anonymous_5)
FNDA:0,(anonymous_6)
FNDA:0,DeckList
FNDA:0,(anonymous_8)
DA:8,0
DA:13,0
DA:17,0
DA:21,0
DA:22,0
DA:34,0
DA:35,0
DA:36,0
DA:65,0
DA:66,0
DA:75,0
DA:76,0
DA:93,0
DA:127,0
LF:14
LH:0
BRDA:35,0,0,0
BRDA:35,0,1,0
BRDA:60,1,0,0
BRDA:60,1,1,0
BRDA:72,2,0,0
BRDA:72,2,1,0
BRF:6
BRH:0
end_of_record
TN:
SF:src/components/ReferenceConfirmation.js
FN:9,ReferenceConfirmation
FN:26,(anonymous_1)
FN:62,(anonymous_2)
FN:130,(anonymous_3)
FN:159,(anonymous_4)
FN:186,(anonymous_5)
FNF:6
FNH:0
FNDA:0,ReferenceConfirmation
FNDA:0,(anonymous_1)
FNDA:0,(anonymous_2)
FNDA:0,(anonymous_3)
FNDA:0,(anonymous_4)
FNDA:0,(anonymous_5)
DA:20,0
DA:21,0
DA:22,0
DA:23,0
DA:26,0
DA:27,0
DA:28,0
DA:29,0
DA:32,0
DA:33,0
DA:34,0
DA:37,0
DA:64,0
DA:131,0
DA:132,0
DA:133,0
DA:134,0
DA:136,0
DA:160,0
DA:161,0
DA:162,0
DA:163,0
DA:165,0
DA:187,0
DA:188,0
DA:189,0
DA:190,0
DA:192,0
LF:28
LH:0
BRDA:27,0,0,0
BRDA:27,0,1,0
BRDA:56,1,0,0
BRDA:56,1,1,0
BRDA:75,2,0,0
BRDA:75,2,1,0
BRDA:87,3,0,0
BRDA:87,3,1,0
BRDA:98,4,0,0
BRDA:98,4,1,0
BRDA:133,5,0,0
BRDA:133,5,1,0
BRDA:138,6,0,0
BRDA:138,6,1,0
BRDA:140,7,0,0
BRDA:140,7,1,0
BRDA:149,8,0,0
BRDA:149,8,1,0
BRDA:152,9,0,0
BRDA:152,9,1,0
BRDA:162,10,0,0
BRDA:162,10,1,0
BRDA:167,11,0,0
BRDA:167,11,1,0
BRDA:169,12,0,0
BRDA:169,12,1,0
BRDA:176,13,0,0
BRDA:176,13,1,0
BRDA:179,14,0,0
BRDA:179,14,1,0
BRDA:189,15,0,0
BRDA:189,15,1,0
BRDA:194,16,0,0
BRDA:194,16,1,0
BRDA:196,17,0,0
BRDA:196,17,1,0
BRDA:204,18,0,0
BRDA:204,18,1,0
BRDA:207,19,0,0
BRDA:207,19,1,0
BRF:40
BRH:0
end_of_record
TN:
SF:src/components/ReferenceSelection.js
FN:3,ReferenceSelection
FN:6,(anonymous_1)
FN:9,(anonymous_2)
FNF:3
FNH:0
FNDA:0,ReferenceSelection
FNDA:0,(anonymous_1)
FNDA:0,(anonymous_2)
DA:4,0
DA:7,0
DA:9,0
LF:3
LH:0
BRF:0
BRH:0
end_of_record
TN:
SF:src/components/ReferenceTyping.js
FN:9,CharacterDisplay
FN:31,ColoredTextDisplay
FN:37,(anonymous_2)
FN:52,ReferenceTextModal
FN:98,ReferenceTyping
FN:134,(anonymous_5)
FN:140,(anonymous_6)
FN:150,(anonymous_7)
FN:160,(anonymous_8)
FN:238,(anonymous_9)
FN:239,(anonymous_10)
FNF:11
FNH:0
FNDA:0,CharacterDisplay
FNDA:0,ColoredTextDisplay
FNDA:0,(anonymous_2)
FNDA:0,ReferenceTextModal
FNDA:0,ReferenceTyping
FNDA:0,(anonymous_5)
FNDA:0,(anonymous_6)
FNDA:0,(anonymous_7)
FNDA:0,(anonymous_8)
FNDA:0,(anonymous_9)
FNDA:0,(anonymous_10)
DA:11,0
DA:12,0
DA:21,0
DA:33,0
DA:35,0
DA:38,0
DA:53,0
DA:55,0
DA:110,0
DA:127,0
DA:134,0
DA:135,0
DA:136,0
DA:140,0
DA:141,0
DA:142,0
DA:143,0
DA:144,0
DA:150,0
DA:152,0
DA:154,0
DA:155,0
DA:160,0
DA:162,0
DA:164,0
DA:165,0
DA:169,0
DA:238,0
DA:239,0
LF:29
LH:0
BRDA:11,0,0,0
BRDA:11,0,1,0
BRDA:11,1,0,0
BRDA:11,1,1,0
BRDA:22,2,0,0
BRDA:22,2,1,0
BRDA:23,3,0,0
BRDA:23,3,1,0
BRDA:53,4,0,0
BRDA:53,4,1,0
BRDA:103,5,0,0
BRDA:105,6,0,0
BRDA:106,7,0,0
BRDA:141,8,0,0
BRDA:141,8,1,0
BRDA:143,9,0,0
BRDA:143,9,1,0
BRDA:154,10,0,0
BRDA:154,10,1,0
BRDA:164,11,0,0
BRDA:164,11,1,0
BRDA:180,12,0,0
BRDA:180,12,1,0
BRDA:215,13,0,0
BRDA:215,13,1,0
BRDA:220,14,0,0
BRDA:220,14,1,0
BRDA:220,14,2,0
BRDA:225,15,0,0
BRDA:225,15,1,0
BRDA:225,15,2,0
BRDA:245,16,0,0
BRDA:245,16,1,0
BRDA:261,17,0,0
BRDA:261,17,1,0
BRDA:279,18,0,0
BRDA:279,18,1,0
BRDA:285,19,0,0
BRDA:285,19,1,0
BRDA:315,20,0,0
BRDA:315,20,1,0
BRF:41
BRH:0
end_of_record
TN:
SF:src/components/ResetConfirmationModal.js
FN:9,ResetConfirmationModal
FN:11,(anonymous_1)
FN:16,(anonymous_2)
FNF:3
FNH:0
FNDA:0,ResetConfirmationModal
FNDA:0,(anonymous_1)
FNDA:0,(anonymous_2)
DA:11,0
DA:12,0
DA:13,0
DA:16,0
DA:17,0
DA:18,0
DA:21,0
LF:7
LH:0
BRF:0
BRH:0
end_of_record
TN:
SF:src/components/Timer.js
FN:9,Timer
FN:12,(anonymous_1)
FN:19,(anonymous_2)
FN:24,(anonymous_3)
FNF:4
FNH:0
FNDA:0,Timer
FNDA:0,(anonymous_1)
FNDA:0,(anonymous_2)
FNDA:0,(anonymous_3)
DA:10,0
DA:12,0
DA:15,0
DA:17,0
DA:19,0
DA:20,0
DA:24,0
DA:25,0
DA:26,0
DA:31,0
LF:10
LH:0
BRDA:9,0,0,0
BRDA:15,1,0,0
BRDA:15,1,1,0
BRDA:25,2,0,0
BRDA:25,2,1,0
BRF:5
BRH:0
end_of_record
TN:
SF:src/components/TutorialGuide.js
FN:36,TutorialGuide
FN:63,(anonymous_1)
FN:76,(anonymous_2)
FN:76,(anonymous_3)
FN:86,(anonymous_4)
FN:86,(anonymous_5)
FNF:6
FNH:2
FNDA:3,TutorialGuide
FNDA:15,(anonymous_1)
FNDA:0,(anonymous_2)
FNDA:0,(anonymous_3)
FNDA:0,(anonymous_4)
FNDA:0,(anonymous_5)
DA:4,1
DA:37,3
DA:39,3
DA:64,15
DA:76,0
DA:86,0
LF:6
LH:4
BRDA:67,0,0,3
BRDA:67,0,1,12
BRDA:74,1,0,3
BRDA:74,1,1,0
BRDA:84,2,0,3
BRDA:84,2,1,0
BRF:6
BRH:4
end_of_record
TN:
SF:src/contexts/AppStateContext.js
FN:10,useAppState
FN:19,AppStateProvider
FN:44,(anonymous_2)
FN:52,(anonymous_3)
FN:65,(anonymous_4)
FN:67,(anonymous_5)
FN:120,(anonymous_6)
FN:130,(anonymous_7)
FN:131,(anonymous_8)
FN:132,(anonymous_9)
FN:138,(anonymous_10)
FN:144,(anonymous_11)
FN:154,(anonymous_12)
FNF:13
FNH:6
FNDA:11,useAppState
FNDA:5,AppStateProvider
FNDA:3,(anonymous_2)
FNDA:1,(anonymous_3)
FNDA:1,(anonymous_4)
FNDA:1,(anonymous_5)
FNDA:0,(anonymous_6)
FNDA:0,(anonymous_7)
FNDA:0,(anonymous_8)
FNDA:0,(anonymous_9)
FNDA:0,(anonymous_10)
FNDA:0,(anonymous_11)
FNDA:0,(anonymous_12)
DA:7,2
DA:11,11
DA:12,11
DA:13,0
DA:15,11
DA:21,5
DA:24,5
DA:27,5
DA:28,5
DA:29,5
DA:30,5
DA:31,5
DA:32,5
DA:33,5
DA:36,5
DA:37,5
DA:38,5
DA:39,5
DA:40,5
DA:41,5
DA:44,5
DA:45,3
DA:46,3
DA:50,5
DA:54,1
DA:57,1
DA:58,1
DA:61,1
DA:67,1
DA:70,1
DA:73,1
DA:74,1
DA:77,1
DA:82,5
DA:121,0
DA:122,0
DA:123,0
DA:124,0
DA:125,0
DA:126,0
DA:131,0
DA:132,0
DA:133,0
DA:134,0
DA:139,0
DA:140,0
DA:145,0
DA:146,0
DA:147,0
DA:148,0
DA:149,0
DA:155,0
DA:156,0
DA:160,5
LF:54
LH:34
BRDA:12,0,0,0
BRDA:12,0,1,11
BRDA:46,1,0,0
BRDA:46,1,1,3
BRDA:57,2,0,1
BRDA:57,2,1,0
BRDA:57,3,0,1
BRDA:57,3,1,1
BRDA:57,3,2,1
BRDA:73,4,0,1
BRDA:73,4,1,0
BRDA:73,5,0,1
BRDA:73,5,1,1
BRDA:73,5,2,1
BRF:14
BRH:10
end_of_record
TN:
SF:src/contexts/UserPreferencesContext.js
FN:8,useUserPreferences
FN:17,UserPreferencesProvider
FN:25,(anonymous_2)
FN:38,(anonymous_3)
FN:44,(anonymous_4)
FN:48,(anonymous_5)
FN:52,(anonymous_6)
FN:57,(anonymous_7)
FN:58,(anonymous_8)
FN:61,(anonymous_9)
FN:62,(anonymous_10)
FN:65,(anonymous_11)
FN:66,(anonymous_12)
FN:69,(anonymous_13)
FN:70,(anonymous_14)
FNF:15
FNH:7
FNDA:6,useUserPreferences
FNDA:1,UserPreferencesProvider
FNDA:1,(anonymous_2)
FNDA:1,(anonymous_3)
FNDA:1,(anonymous_4)
FNDA:1,(anonymous_5)
FNDA:1,(anonymous_6)
FNDA:0,(anonymous_7)
FNDA:0,(anonymous_8)
FNDA:0,(anonymous_9)
FNDA:0,(anonymous_10)
FNDA:0,(anonymous_11)
FNDA:0,(anonymous_12)
FNDA:0,(anonymous_13)
FNDA:0,(anonymous_14)
DA:5,1
DA:9,6
DA:10,6
DA:11,0
DA:13,6
DA:19,1
DA:20,1
DA:21,1
DA:22,1
DA:25,1
DA:26,1
DA:27,1
DA:28,1
DA:29,1
DA:31,1
DA:32,1
DA:33,1
DA:34,1
DA:38,1
DA:39,1
DA:40,1
DA:44,1
DA:45,1
DA:48,1
DA:49,1
DA:52,1
DA:53,1
DA:57,1
DA:58,0
DA:61,1
DA:62,0
DA:65,1
DA:66,0
DA:69,1
DA:70,0
DA:73,1
DA:87,1
LF:37
LH:32
BRDA:10,0,0,0
BRDA:10,0,1,6
BRF:2
BRH:1
end_of_record
TN:
SF:src/features/completion/index.js
FNF:0
FNH:0
LF:0
LH:0
BRF:0
BRH:0
end_of_record
TN:
SF:src/features/completion/components/CompletionPage.js
FN:7,CompletionPage
FNF:1
FNH:0
FNDA:0,CompletionPage
DA:8,0
LF:1
LH:0
BRF:0
BRH:0
end_of_record
TN:
SF:src/features/completion/components/DeckCompletionPage.js
FN:8,DeckCompletionPage
FN:15,(anonymous_1)
FNF:2
FNH:0
FNDA:0,DeckCompletionPage
FNDA:0,(anonymous_1)
DA:15,0
DA:16,0
DA:18,0
LF:3
LH:0
BRDA:16,0,0,0
BRDA:16,0,1,0
BRF:2
BRH:0
end_of_record
TN:
SF:src/features/deck-study/index.js
FNF:0
FNH:0
LF:0
LH:0
BRF:0
BRH:0
end_of_record
TN:
SF:src/features/deck-study/components/DeckStudyMode.js
FN:9,DeckStudyMode
FN:34,(anonymous_1)
FN:38,(anonymous_2)
FNF:3
FNH:0
FNDA:0,DeckStudyMode
FNDA:0,(anonymous_1)
FNDA:0,(anonymous_2)
DA:31,0
DA:34,0
DA:35,0
DA:38,0
DA:39,0
DA:41,0
DA:43,0
DA:45,0
DA:46,0
DA:48,0
DA:52,0
LF:11
LH:0
BRDA:15,0,0,0
BRDA:17,1,0,0
BRDA:18,2,0,0
BRDA:39,3,0,0
BRDA:39,3,1,0
BRDA:39,4,0,0
BRDA:39,4,1,0
BRDA:46,5,0,0
BRDA:46,5,1,0
BRDA:46,6,0,0
BRDA:46,6,1,0
BRDA:62,7,0,0
BRDA:62,7,1,0
BRF:13
BRH:0
end_of_record
TN:
SF:src/features/home/HomePage.js
FN:11,HomePage
FN:38,(anonymous_1)
FN:47,(anonymous_2)
FN:61,(anonymous_3)
FN:66,(anonymous_4)
FN:71,(anonymous_5)
FN:73,(anonymous_6)
FN:81,(anonymous_7)
FN:86,(anonymous_8)
FN:91,(anonymous_9)
FN:96,(anonymous_10)
FN:101,(anonymous_11)
FN:105,(anonymous_12)
FN:111,(anonymous_13)
FN:145,(anonymous_14)
FN:171,(anonymous_15)
FN:231,(anonymous_16)
FNF:17
FNH:0
FNDA:0,HomePage
FNDA:0,(anonymous_1)
FNDA:0,(anonymous_2)
FNDA:0,(anonymous_3)
FNDA:0,(anonymous_4)
FNDA:0,(anonymous_5)
FNDA:0,(anonymous_6)
FNDA:0,(anonymous_7)
FNDA:0,(anonymous_8)
FNDA:0,(anonymous_9)
FNDA:0,(anonymous_10)
FNDA:0,(anonymous_11)
FNDA:0,(anonymous_12)
FNDA:0,(anonymous_13)
FNDA:0,(anonymous_14)
FNDA:0,(anonymous_15)
FNDA:0,(anonymous_16)
DA:34,0
DA:35,0
DA:36,0
DA:38,0
DA:39,0
DA:40,0
DA:42,0
DA:44,0
DA:47,0
DA:48,0
DA:49,0
DA:50,0
DA:53,0
DA:54,0
DA:55,0
DA:57,0
DA:61,0
DA:62,0
DA:63,0
DA:66,0
DA:67,0
DA:68,0
DA:71,0
DA:73,0
DA:75,0
DA:77,0
DA:78,0
DA:81,0
DA:82,0
DA:83,0
DA:86,0
DA:87,0
DA:88,0
DA:91,0
DA:92,0
DA:93,0
DA:96,0
DA:97,0
DA:98,0
DA:101,0
DA:102,0
DA:105,0
DA:106,0
DA:110,0
DA:111,0
DA:112,0
DA:123,0
DA:124,0
DA:134,0
DA:135,0
DA:144,0
DA:145,0
DA:146,0
DA:172,0
DA:173,0
DA:219,0
DA:220,0
DA:230,0
DA:231,0
DA:232,0
DA:234,0
DA:249,0
LF:62
LH:0
BRDA:39,0,0,0
BRDA:39,0,1,0
BRDA:39,1,0,0
BRDA:39,1,1,0
BRDA:48,2,0,0
BRDA:48,2,1,0
BRDA:48,3,0,0
BRDA:48,3,1,0
BRDA:54,4,0,0
BRDA:54,4,1,0
BRDA:54,5,0,0
BRDA:54,5,1,0
BRDA:110,6,0,0
BRDA:110,6,1,0
BRDA:111,7,0,0
BRDA:111,7,1,0
BRDA:123,8,0,0
BRDA:123,8,1,0
BRDA:134,9,0,0
BRDA:134,9,1,0
BRDA:144,10,0,0
BRDA:144,10,1,0
BRDA:144,11,0,0
BRDA:144,11,1,0
BRDA:145,12,0,0
BRDA:145,12,1,0
BRDA:152,13,0,0
BRDA:152,13,1,0
BRDA:219,14,0,0
BRDA:219,14,1,0
BRDA:230,15,0,0
BRDA:230,15,1,0
BRDA:231,16,0,0
BRDA:231,16,1,0
BRDA:232,17,0,0
BRDA:232,17,1,0
BRF:36
BRH:0
end_of_record
TN:
SF:src/features/home/useHomeData.js
FN:8,useHomeData
FN:33,(anonymous_1)
FN:42,(anonymous_2)
FN:57,(anonymous_3)
FN:62,(anonymous_4)
FN:67,(anonymous_5)
FN:69,(anonymous_6)
FN:76,(anonymous_7)
FN:81,(anonymous_8)
FN:86,(anonymous_9)
FN:91,(anonymous_10)
FN:96,(anonymous_11)
FN:100,(anonymous_12)
FNF:13
FNH:0
FNDA:0,useHomeData
FNDA:0,(anonymous_1)
FNDA:0,(anonymous_2)
FNDA:0,(anonymous_3)
FNDA:0,(anonymous_4)
FNDA:0,(anonymous_5)
FNDA:0,(anonymous_6)
FNDA:0,(anonymous_7)
FNDA:0,(anonymous_8)
FNDA:0,(anonymous_9)
FNDA:0,(anonymous_10)
FNDA:0,(anonymous_11)
FNDA:0,(anonymous_12)
DA:26,0
DA:28,0
DA:29,0
DA:30,0
DA:33,0
DA:34,0
DA:35,0
DA:37,0
DA:39,0
DA:42,0
DA:43,0
DA:44,0
DA:45,0
DA:48,0
DA:49,0
DA:50,0
DA:52,0
DA:57,0
DA:58,0
DA:59,0
DA:62,0
DA:63,0
DA:64,0
DA:67,0
DA:69,0
DA:70,0
DA:72,0
DA:73,0
DA:76,0
DA:77,0
DA:78,0
DA:81,0
DA:82,0
DA:83,0
DA:86,0
DA:87,0
DA:88,0
DA:91,0
DA:92,0
DA:93,0
DA:96,0
DA:97,0
DA:100,0
DA:101,0
DA:104,0
LF:45
LH:0
BRDA:34,0,0,0
BRDA:34,0,1,0
BRDA:34,1,0,0
BRDA:34,1,1,0
BRDA:43,2,0,0
BRDA:43,2,1,0
BRDA:43,3,0,0
BRDA:43,3,1,0
BRDA:49,4,0,0
BRDA:49,4,1,0
BRDA:49,5,0,0
BRDA:49,5,1,0
BRF:12
BRH:0
end_of_record
TN:
SF:src/features/home/components/CardForm.js
FN:6,CardForm
FN:10,(anonymous_1)
FN:24,(anonymous_2)
FN:26,(anonymous_3)
FN:29,(anonymous_4)
FNF:5
FNH:0
FNDA:0,CardForm
FNDA:0,(anonymous_1)
FNDA:0,(anonymous_2)
FNDA:0,(anonymous_3)
FNDA:0,(anonymous_4)
DA:7,0
DA:10,0
DA:11,0
DA:12,0
DA:17,0
DA:18,0
DA:20,0
DA:24,0
DA:25,0
DA:26,0
DA:29,0
DA:30,0
DA:32,0
DA:33,0
DA:34,0
DA:37,0
DA:38,0
DA:41,0
LF:18
LH:0
BRDA:11,0,0,0
BRDA:11,0,1,0
BRDA:13,1,0,0
BRDA:13,1,1,0
BRDA:14,2,0,0
BRDA:14,2,1,0
BRDA:15,3,0,0
BRDA:15,3,1,0
BRDA:15,4,0,0
BRDA:15,4,1,0
BRDA:17,5,0,0
BRDA:17,5,1,0
BRDA:32,6,0,0
BRDA:32,6,1,0
BRDA:32,7,0,0
BRDA:32,7,1,0
BRDA:32,7,2,0
BRDA:38,8,0,0
BRDA:38,8,1,0
BRDA:47,9,0,0
BRDA:47,9,1,0
BRDA:47,10,0,0
BRDA:47,10,1,0
BRDA:47,11,0,0
BRDA:47,11,1,0
BRDA:95,12,0,0
BRDA:95,12,1,0
BRDA:95,13,0,0
BRDA:95,13,1,0
BRF:29
BRH:0
end_of_record
TN:
SF:src/features/home/components/CardItem.js
FN:9,CardItem
FN:21,(anonymous_1)
FN:24,(anonymous_2)
FN:33,(anonymous_3)
FN:61,(anonymous_4)
FNF:5
FNH:0
FNDA:0,CardItem
FNDA:0,(anonymous_1)
FNDA:0,(anonymous_2)
FNDA:0,(anonymous_3)
FNDA:0,(anonymous_4)
DA:10,0
DA:21,0
DA:24,0
DA:34,0
DA:35,0
DA:61,0
LF:6
LH:0
BRDA:34,0,0,0
BRDA:34,0,1,0
BRDA:52,1,0,0
BRDA:52,1,1,0
BRDA:57,2,0,0
BRDA:57,2,1,0
BRF:6
BRH:0
end_of_record
TN:
SF:src/features/home/components/CardList.js
FN:7,CardList
FN:29,(anonymous_1)
FN:65,(anonymous_2)
FNF:3
FNH:0
FNDA:0,CardList
FNDA:0,(anonymous_1)
FNDA:0,(anonymous_2)
DA:8,0
DA:29,0
DA:66,0
LF:3
LH:0
BRDA:27,0,0,0
BRDA:27,0,1,0
BRDA:52,1,0,0
BRDA:52,1,1,0
BRF:4
BRH:0
end_of_record
TN:
SF:src/features/statistics/index.js
FNF:0
FNH:0
LF:0
LH:0
BRF:0
BRH:0
end_of_record
TN:
SF:src/features/statistics/useStatistics.js
FN:7,useStatistics
FN:11,(anonymous_1)
FNF:2
FNH:1
FNDA:3,useStatistics
FNDA:0,(anonymous_1)
DA:8,3
DA:11,3
DA:12,0
DA:15,3
LF:4
LH:3
BRF:0
BRH:0
end_of_record
TN:
SF:src/features/statistics/components/BestTimesPage.js
FN:8,BestTimesPage
FN:12,(anonymous_1)
FN:54,(anonymous_2)
FN:61,(anonymous_3)
FNF:4
FNH:0
FNDA:0,BestTimesPage
FNDA:0,(anonymous_1)
FNDA:0,(anonymous_2)
FNDA:0,(anonymous_3)
DA:9,0
DA:12,0
DA:13,0
DA:14,0
DA:17,0
DA:56,0
DA:63,0
LF:7
LH:0
BRDA:43,0,0,0
BRDA:43,0,1,0
BRDA:74,1,0,0
BRDA:74,1,1,0
BRDA:86,2,0,0
BRDA:86,2,1,0
BRDA:97,3,0,0
BRDA:97,3,1,0
BRF:8
BRH:0
end_of_record
TN:
SF:src/features/typing/index.js
FNF:0
FNH:0
LF:0
LH:0
BRF:0
BRH:0
end_of_record
TN:
SF:src/features/typing/typingUtils.js
FN:9,isInputCorrect
FN:22,isTypingComplete
FN:51,handleCompletion
FNF:3
FNH:0
FNDA:0,isInputCorrect
FNDA:0,isTypingComplete
FNDA:0,handleCompletion
DA:10,0
DA:11,0
DA:12,0
DA:23,0
DA:26,0
DA:29,0
DA:30,0
DA:31,0
DA:33,0
DA:36,0
DA:40,0
DA:52,0
DA:55,0
DA:57,0
LF:14
LH:0
BRDA:10,0,0,0
BRDA:10,0,1,0
BRDA:10,1,0,0
BRDA:10,1,1,0
BRDA:23,2,0,0
BRDA:23,2,1,0
BRDA:23,3,0,0
BRDA:23,3,1,0
BRDA:26,4,0,0
BRDA:26,4,1,0
BRDA:29,5,0,0
BRDA:29,5,1,0
BRDA:33,6,0,0
BRDA:33,6,1,0
BRDA:33,7,0,0
BRDA:33,7,1,0
BRDA:33,7,2,0
BRF:17
BRH:0
end_of_record
TN:
SF:src/features/typing/useTyping.js
FN:10,useTyping
FN:36,(anonymous_1)
FN:45,(anonymous_2)
FN:64,(anonymous_3)
FN:74,(anonymous_4)
FN:83,(anonymous_5)
FN:92,(anonymous_6)
FN:103,(anonymous_7)
FN:113,(anonymous_8)
FN:115,(anonymous_9)
FN:119,(anonymous_10)
FN:127,(anonymous_11)
FN:131,(anonymous_12)
FN:158,(anonymous_13)
FN:166,(anonymous_14)
FNF:15
FNH:1
FNDA:3,useTyping
FNDA:0,(anonymous_1)
FNDA:0,(anonymous_2)
FNDA:0,(anonymous_3)
FNDA:0,(anonymous_4)
FNDA:0,(anonymous_5)
FNDA:0,(anonymous_6)
FNDA:0,(anonymous_7)
FNDA:0,(anonymous_8)
FNDA:0,(anonymous_9)
FNDA:0,(anonymous_10)
FNDA:0,(anonymous_11)
FNDA:0,(anonymous_12)
FNDA:0,(anonymous_13)
FNDA:0,(anonymous_14)
DA:31,3
DA:33,3
DA:36,3
DA:37,0
DA:38,0
DA:41,0
DA:43,0
DA:44,0
DA:45,0
DA:47,0
DA:51,0
DA:52,0
DA:53,0
DA:59,0
DA:62,0
DA:63,0
DA:64,0
DA:65,0
DA:74,3
DA:76,0
DA:77,0
DA:78,0
DA:79,0
DA:83,3
DA:84,0
DA:85,0
DA:86,0
DA:88,0
DA:92,3
DA:93,0
DA:94,0
DA:95,0
DA:96,0
DA:97,0
DA:99,0
DA:103,3
DA:104,0
DA:105,0
DA:106,0
DA:107,0
DA:109,0
DA:113,3
DA:115,0
DA:116,0
DA:119,0
DA:120,0
DA:123,0
DA:127,3
DA:128,0
DA:130,0
DA:131,0
DA:132,0
DA:133,0
DA:134,0
DA:135,0
DA:136,0
DA:137,0
DA:140,0
DA:141,0
DA:145,3
DA:160,0
DA:161,0
DA:162,0
DA:163,0
DA:164,0
DA:166,0
LF:66
LH:10
BRDA:43,0,0,0
BRDA:43,0,1,0
BRDA:51,1,0,0
BRDA:51,1,1,0
BRDA:62,2,0,0
BRDA:62,2,1,0
BRDA:62,3,0,0
BRDA:62,3,1,0
BRDA:65,4,0,0
BRDA:65,4,1,0
BRDA:116,5,0,0
BRDA:116,5,1,0
BRDA:128,6,0,0
BRDA:128,6,1,0
BRDA:128,7,0,0
BRDA:128,7,1,0
BRDA:132,8,0,0
BRDA:132,8,1,0
BRF:18
BRH:0
end_of_record
TN:
SF:src/features/typing/components/ReferenceConfirmation.js
FN:9,ReferenceConfirmation
FN:26,(anonymous_1)
FN:62,(anonymous_2)
FN:130,(anonymous_3)
FN:159,(anonymous_4)
FN:186,(anonymous_5)
FNF:6
FNH:0
FNDA:0,ReferenceConfirmation
FNDA:0,(anonymous_1)
FNDA:0,(anonymous_2)
FNDA:0,(anonymous_3)
FNDA:0,(anonymous_4)
FNDA:0,(anonymous_5)
DA:20,0
DA:21,0
DA:22,0
DA:23,0
DA:26,0
DA:27,0
DA:28,0
DA:29,0
DA:32,0
DA:33,0
DA:34,0
DA:37,0
DA:64,0
DA:131,0
DA:132,0
DA:133,0
DA:134,0
DA:136,0
DA:160,0
DA:161,0
DA:162,0
DA:163,0
DA:165,0
DA:187,0
DA:188,0
DA:189,0
DA:190,0
DA:192,0
LF:28
LH:0
BRDA:27,0,0,0
BRDA:27,0,1,0
BRDA:56,1,0,0
BRDA:56,1,1,0
BRDA:75,2,0,0
BRDA:75,2,1,0
BRDA:87,3,0,0
BRDA:87,3,1,0
BRDA:98,4,0,0
BRDA:98,4,1,0
BRDA:133,5,0,0
BRDA:133,5,1,0
BRDA:138,6,0,0
BRDA:138,6,1,0
BRDA:140,7,0,0
BRDA:140,7,1,0
BRDA:149,8,0,0
BRDA:149,8,1,0
BRDA:152,9,0,0
BRDA:152,9,1,0
BRDA:162,10,0,0
BRDA:162,10,1,0
BRDA:167,11,0,0
BRDA:167,11,1,0
BRDA:169,12,0,0
BRDA:169,12,1,0
BRDA:176,13,0,0
BRDA:176,13,1,0
BRDA:179,14,0,0
BRDA:179,14,1,0
BRDA:189,15,0,0
BRDA:189,15,1,0
BRDA:194,16,0,0
BRDA:194,16,1,0
BRDA:196,17,0,0
BRDA:196,17,1,0
BRDA:204,18,0,0
BRDA:204,18,1,0
BRDA:207,19,0,0
BRDA:207,19,1,0
BRF:40
BRH:0
end_of_record
TN:
SF:src/features/typing/components/ReferenceTyping.js
FN:11,ReferenceTyping
FN:38,(anonymous_1)
FN:45,(anonymous_2)
FN:52,(anonymous_3)
FN:58,(anonymous_4)
FN:68,(anonymous_5)
FN:78,(anonymous_6)
FNF:7
FNH:0
FNDA:0,ReferenceTyping
FNDA:0,(anonymous_1)
FNDA:0,(anonymous_2)
FNDA:0,(anonymous_3)
FNDA:0,(anonymous_4)
FNDA:0,(anonymous_5)
FNDA:0,(anonymous_6)
DA:33,0
DA:35,0
DA:38,0
DA:39,0
DA:40,0
DA:45,0
DA:46,0
DA:47,0
DA:52,0
DA:53,0
DA:54,0
DA:58,0
DA:59,0
DA:60,0
DA:61,0
DA:62,0
DA:68,0
DA:70,0
DA:72,0
DA:73,0
DA:78,0
DA:80,0
DA:82,0
DA:83,0
DA:87,0
LF:25
LH:0
BRDA:16,0,0,0
BRDA:18,1,0,0
BRDA:19,2,0,0
BRDA:21,3,0,0
BRDA:39,4,0,0
BRDA:39,4,1,0
BRDA:39,5,0,0
BRDA:39,5,1,0
BRDA:39,5,2,0
BRDA:46,6,0,0
BRDA:46,6,1,0
BRDA:46,7,0,0
BRDA:46,7,1,0
BRDA:59,8,0,0
BRDA:59,8,1,0
BRDA:61,9,0,0
BRDA:61,9,1,0
BRDA:72,10,0,0
BRDA:72,10,1,0
BRDA:82,11,0,0
BRDA:82,11,1,0
BRDA:97,12,0,0
BRDA:97,12,1,0
BRDA:98,13,0,0
BRDA:98,13,1,0
BRDA:102,14,0,0
BRDA:102,14,1,0
BRDA:122,15,0,0
BRDA:122,15,1,0
BRDA:127,16,0,0
BRDA:127,16,1,0
BRDA:127,16,2,0
BRDA:138,17,0,0
BRDA:138,17,1,0
BRDA:160,18,0,0
BRDA:160,18,1,0
BRDA:160,18,2,0
BRF:37
BRH:0
end_of_record
TN:
SF:src/features/typing/hooks/useReferenceTypingUI.js
FN:13,useReferenceTypingUI
FN:24,(anonymous_1)
FN:27,(anonymous_2)
FN:33,(anonymous_3)
FN:39,(anonymous_4)
FN:47,(anonymous_5)
FN:54,(anonymous_6)
FN:66,(anonymous_7)
FN:71,(anonymous_8)
FN:77,(anonymous_9)
FNF:10
FNH:0
FNDA:0,useReferenceTypingUI
FNDA:0,(anonymous_1)
FNDA:0,(anonymous_2)
FNDA:0,(anonymous_3)
FNDA:0,(anonymous_4)
FNDA:0,(anonymous_5)
FNDA:0,(anonymous_6)
FNDA:0,(anonymous_7)
FNDA:0,(anonymous_8)
FNDA:0,(anonymous_9)
DA:15,0
DA:16,0
DA:17,0
DA:18,0
DA:19,0
DA:20,0
DA:21,0
DA:24,0
DA:26,0
DA:27,0
DA:28,0
DA:29,0
DA:33,0
DA:34,0
DA:39,0
DA:40,0
DA:41,0
DA:42,0
DA:47,0
DA:48,0
DA:49,0
DA:54,0
DA:55,0
DA:56,0
DA:57,0
DA:60,0
DA:61,0
DA:66,0
DA:67,0
DA:71,0
DA:72,0
DA:73,0
DA:77,0
DA:78,0
DA:81,0
LF:35
LH:0
BRDA:13,0,0,0
BRDA:13,1,0,0
BRDA:13,2,0,0
BRDA:26,3,0,0
BRDA:26,3,1,0
BRDA:26,4,0,0
BRDA:26,4,1,0
BRDA:26,4,2,0
BRDA:26,4,3,0
BRDA:40,5,0,0
BRDA:40,5,1,0
BRDA:48,6,0,0
BRDA:48,6,1,0
BRDA:60,7,0,0
BRDA:60,7,1,0
BRDA:60,8,0,0
BRDA:60,8,1,0
BRF:17
BRH:0
end_of_record
TN:
SF:src/hooks/useCardCollection.js
FN:99,useCardCollection
FN:106,(anonymous_1)
FN:113,(anonymous_2)
FN:119,(anonymous_3)
FN:122,(anonymous_4)
FN:133,(anonymous_5)
FN:140,(anonymous_6)
FN:150,(anonymous_7)
FN:162,(anonymous_8)
FN:173,(anonymous_9)
FN:178,(anonymous_10)
FNF:11
FNH:5
FNDA:3,useCardCollection
FNDA:1,(anonymous_1)
FNDA:2,(anonymous_2)
FNDA:0,(anonymous_3)
FNDA:8,(anonymous_4)
FNDA:2,(anonymous_5)
FNDA:0,(anonymous_6)
FNDA:0,(anonymous_7)
FNDA:0,(anonymous_8)
FNDA:0,(anonymous_9)
FNDA:0,(anonymous_10)
DA:9,1
DA:100,3
DA:101,3
DA:102,3
DA:103,3
DA:106,3
DA:107,1
DA:108,1
DA:109,1
DA:113,3
DA:114,2
DA:115,1
DA:118,1
DA:119,0
DA:122,1
DA:123,8
DA:124,8
DA:125,8
DA:128,1
DA:133,3
DA:134,2
DA:135,1
DA:140,3
DA:141,0
DA:143,0
DA:144,0
DA:145,0
DA:146,0
DA:150,3
DA:151,0
DA:153,0
DA:154,0
DA:155,0
DA:156,0
DA:158,0
DA:162,3
DA:163,0
DA:165,0
DA:166,0
DA:167,0
DA:169,0
DA:173,3
DA:174,0
DA:178,3
DA:179,0
DA:182,3
LF:46
LH:27
BRDA:114,0,0,1
BRDA:114,0,1,1
BRDA:118,1,0,0
BRDA:118,1,1,1
BRDA:123,2,0,8
BRDA:123,2,1,8
BRDA:123,2,2,0
BRDA:124,3,0,8
BRDA:124,3,1,8
BRDA:124,3,2,0
BRDA:134,4,0,1
BRDA:134,4,1,1
BRDA:141,5,0,0
BRDA:141,5,1,0
BRDA:141,6,0,0
BRDA:141,6,1,0
BRDA:151,7,0,0
BRDA:151,7,1,0
BRDA:154,8,0,0
BRDA:154,8,1,0
BRDA:163,9,0,0
BRDA:163,9,1,0
BRDA:166,10,0,0
BRDA:166,10,1,0
BRF:24
BRH:9
end_of_record
TN:
SF:src/hooks/useDeckCollection.js
FN:37,useDeckCollection
FN:43,(anonymous_1)
FN:50,(anonymous_2)
FN:58,(anonymous_3)
FN:65,(anonymous_4)
FN:75,(anonymous_5)
FN:87,(anonymous_6)
FN:98,(anonymous_7)
FN:109,(anonymous_8)
FN:120,(anonymous_9)
FN:125,(anonymous_10)
FNF:11
FNH:4
FNDA:3,useDeckCollection
FNDA:1,(anonymous_1)
FNDA:2,(anonymous_2)
FNDA:2,(anonymous_3)
FNDA:0,(anonymous_4)
FNDA:0,(anonymous_5)
FNDA:0,(anonymous_6)
FNDA:0,(anonymous_7)
FNDA:0,(anonymous_8)
FNDA:0,(anonymous_9)
FNDA:0,(anonymous_10)
DA:9,1
DA:38,3
DA:39,3
DA:40,3
DA:43,3
DA:44,1
DA:45,1
DA:46,1
DA:50,3
DA:51,2
DA:52,1
DA:53,1
DA:58,3
DA:59,2
DA:60,1
DA:65,3
DA:66,0
DA:68,0
DA:69,0
DA:70,0
DA:71,0
DA:75,3
DA:76,0
DA:78,0
DA:79,0
DA:80,0
DA:81,0
DA:83,0
DA:87,3
DA:88,0
DA:90,0
DA:91,0
DA:92,0
DA:94,0
DA:98,3
DA:99,0
DA:101,0
DA:102,0
DA:103,0
DA:105,0
DA:109,3
DA:110,0
DA:112,0
DA:113,0
DA:114,0
DA:116,0
DA:120,3
DA:121,0
DA:125,3
DA:126,0
DA:129,3
LF:51
LH:23
BRDA:51,0,0,1
BRDA:51,0,1,1
BRDA:59,1,0,1
BRDA:59,1,1,1
BRDA:66,2,0,0
BRDA:66,2,1,0
BRDA:76,3,0,0
BRDA:76,3,1,0
BRDA:79,4,0,0
BRDA:79,4,1,0
BRDA:88,5,0,0
BRDA:88,5,1,0
BRDA:91,6,0,0
BRDA:91,6,1,0
BRDA:99,7,0,0
BRDA:99,7,1,0
BRDA:102,8,0,0
BRDA:102,8,1,0
BRDA:110,9,0,0
BRDA:110,9,1,0
BRDA:113,10,0,0
BRDA:113,10,1,0
BRF:22
BRH:4
end_of_record
TN:
SF:src/hooks/useMemoryTyping.js
FN:13,useMemoryTyping
FN:31,(anonymous_1)
FN:59,(anonymous_2)
FN:61,(anonymous_3)
FN:64,(anonymous_4)
FN:69,(anonymous_5)
FN:141,(anonymous_6)
FN:151,(anonymous_7)
FN:154,(anonymous_8)
FN:160,(anonymous_9)
FN:164,(anonymous_10)
FN:168,(anonymous_11)
FN:171,(anonymous_12)
FN:179,(anonymous_13)
FN:183,(anonymous_14)
FN:267,(anonymous_15)
FN:279,(anonymous_16)
FN:287,(anonymous_17)
FN:292,(anonymous_18)
FNF:19
FNH:0
FNDA:0,useMemoryTyping
FNDA:0,(anonymous_1)
FNDA:0,(anonymous_2)
FNDA:0,(anonymous_3)
FNDA:0,(anonymous_4)
FNDA:0,(anonymous_5)
FNDA:0,(anonymous_6)
FNDA:0,(anonymous_7)
FNDA:0,(anonymous_8)
FNDA:0,(anonymous_9)
FNDA:0,(anonymous_10)
FNDA:0,(anonymous_11)
FNDA:0,(anonymous_12)
FNDA:0,(anonymous_13)
FNDA:0,(anonymous_14)
FNDA:0,(anonymous_15)
FNDA:0,(anonymous_16)
FNDA:0,(anonymous_17)
FNDA:0,(anonymous_18)
DA:15,0
DA:17,0
DA:18,0
DA:19,0
DA:20,0
DA:21,0
DA:22,0
DA:23,0
DA:24,0
DA:25,0
DA:27,0
DA:28,0
DA:31,0
DA:32,0
DA:34,0
DA:35,0
DA:37,0
DA:38,0
DA:39,0
DA:42,0
DA:43,0
DA:47,0
DA:48,0
DA:51,0
DA:54,0
DA:59,0
DA:60,0
DA:61,0
DA:62,0
DA:64,0
DA:69,0
DA:72,0
DA:74,0
DA:75,0
DA:76,0
DA:78,0
DA:79,0
DA:80,0
DA:83,0
DA:84,0
DA:85,0
DA:89,0
DA:90,0
DA:92,0
DA:97,0
DA:100,0
DA:103,0
DA:105,0
DA:106,0
DA:107,0
DA:108,0
DA:110,0
DA:111,0
DA:114,0
DA:115,0
DA:119,0
DA:120,0
DA:121,0
DA:124,0
DA:128,0
DA:129,0
DA:133,0
DA:135,0
DA:141,0
DA:142,0
DA:143,0
DA:144,0
DA:151,0
DA:152,0
DA:154,0
DA:155,0
DA:156,0
DA:160,0
DA:164,0
DA:166,0
DA:167,0
DA:168,0
DA:171,0
DA:172,0
DA:176,0
DA:179,0
DA:183,0
DA:184,0
DA:185,0
DA:187,0
DA:188,0
DA:191,0
DA:192,0
DA:193,0
DA:196,0
DA:200,0
DA:201,0
DA:206,0
DA:208,0
DA:209,0
DA:211,0
DA:216,0
DA:221,0
DA:222,0
DA:224,0
DA:229,0
DA:231,0
DA:234,0
DA:235,0
DA:236,0
DA:239,0
DA:241,0
DA:247,0
DA:251,0
DA:254,0
DA:258,0
DA:259,0
DA:263,0
DA:267,0
DA:269,0
DA:270,0
DA:279,0
DA:280,0
DA:281,0
DA:287,0
DA:288,0
DA:292,0
DA:293,0
DA:294,0
DA:295,0
DA:296,0
DA:297,0
DA:298,0
DA:304,0
LF:129
LH:0
BRDA:13,0,0,0
BRDA:13,1,0,0
BRDA:32,2,0,0
BRDA:32,2,1,0
BRDA:39,3,0,0
BRDA:39,3,1,0
BRDA:42,4,0,0
BRDA:42,4,1,0
BRDA:47,5,0,0
BRDA:47,5,1,0
BRDA:60,6,0,0
BRDA:60,6,1,0
BRDA:72,7,0,0
BRDA:72,7,1,0
BRDA:80,8,0,0
BRDA:80,8,1,0
BRDA:83,9,0,0
BRDA:83,9,1,0
BRDA:89,10,0,0
BRDA:89,10,1,0
BRDA:103,11,0,0
BRDA:103,11,1,0
BRDA:114,12,0,0
BRDA:114,12,1,0
BRDA:119,13,0,0
BRDA:119,13,1,0
BRDA:119,14,0,0
BRDA:119,14,1,0
BRDA:128,15,0,0
BRDA:128,15,1,0
BRDA:128,16,0,0
BRDA:128,16,1,0
BRDA:133,17,0,0
BRDA:133,17,1,0
BRDA:133,18,0,0
BRDA:133,18,1,0
BRDA:152,19,0,0
BRDA:152,19,1,0
BRDA:155,20,0,0
BRDA:155,20,1,0
BRDA:166,21,0,0
BRDA:166,21,1,0
BRDA:172,22,0,0
BRDA:172,22,1,0
BRDA:172,23,0,0
BRDA:172,23,1,0
BRDA:172,23,2,0
BRDA:172,23,3,0
BRDA:172,23,4,0
BRDA:191,24,0,0
BRDA:191,24,1,0
BRDA:196,25,0,0
BRDA:196,25,1,0
BRDA:197,26,0,0
BRDA:197,26,1,0
BRDA:200,27,0,0
BRDA:200,27,1,0
BRDA:200,28,0,0
BRDA:200,28,1,0
BRDA:206,29,0,0
BRDA:206,29,1,0
BRDA:206,30,0,0
BRDA:206,30,1,0
BRDA:209,31,0,0
BRDA:209,31,1,0
BRDA:216,32,0,0
BRDA:216,32,1,0
BRDA:216,33,0,0
BRDA:216,33,1,0
BRDA:216,33,2,0
BRDA:216,33,3,0
BRDA:222,34,0,0
BRDA:222,34,1,0
BRDA:229,35,0,0
BRDA:229,35,1,0
BRDA:229,36,0,0
BRDA:229,36,1,0
BRDA:234,37,0,0
BRDA:234,37,1,0
BRDA:239,38,0,0
BRDA:239,38,1,0
BRDA:239,39,0,0
BRDA:239,39,1,0
BRDA:247,40,0,0
BRDA:247,40,1,0
BRDA:247,41,0,0
BRDA:247,41,1,0
BRDA:247,41,2,0
BRDA:255,42,0,0
BRDA:255,42,1,0
BRF:90
BRH:0
end_of_record
TN:
SF:src/layout/AppLayout.js
FN:10,AppLayout
FNF:1
FNH:0
FNDA:0,AppLayout
DA:12,0
DA:14,0
LF:2
LH:0
BRF:0
BRH:0
end_of_record
TN:
SF:src/layout/Header.js
FN:9,Header
FN:13,(anonymous_1)
FN:17,(anonymous_2)
FN:24,(anonymous_3)
FNF:4
FNH:0
FNDA:0,Header
FNDA:0,(anonymous_1)
FNDA:0,(anonymous_2)
FNDA:0,(anonymous_3)
DA:10,0
DA:11,0
DA:13,0
DA:14,0
DA:17,0
DA:18,0
DA:19,0
DA:20,0
DA:21,0
DA:24,0
DA:25,0
DA:28,0
LF:12
LH:0
BRDA:36,0,0,0
BRDA:36,0,1,0
BRDA:50,1,0,0
BRDA:50,1,1,0
BRF:4
BRH:0
end_of_record
TN:
SF:src/models/Card.js
FN:18,(anonymous_0)
FN:32,(anonymous_1)
FN:41,(anonymous_2)
FN:54,(anonymous_3)
FN:66,(anonymous_4)
FNF:5
FNH:5
FNDA:17,(anonymous_0)
FNDA:10,(anonymous_1)
FNDA:1,(anonymous_2)
FNDA:2,(anonymous_3)
FNDA:10,(anonymous_4)
DA:19,17
DA:20,17
DA:21,17
DA:22,17
DA:23,17
DA:24,17
DA:33,10
DA:42,1
DA:55,2
DA:56,2
DA:57,1
DA:59,1
DA:67,10
LF:13
LH:13
BRDA:18,0,0,1
BRDA:19,1,0,17
BRDA:19,1,1,3
BRDA:20,2,0,17
BRDA:20,2,1,3
BRDA:21,3,0,17
BRDA:21,3,1,1
BRDA:22,4,0,17
BRDA:22,4,1,5
BRDA:23,5,0,17
BRDA:23,5,1,14
BRDA:24,6,0,17
BRDA:24,6,1,6
BRDA:54,7,0,0
BRDA:56,8,0,1
BRDA:56,8,1,1
BRF:16
BRH:15
end_of_record
TN:
SF:src/models/CardCollection.js
FN:12,(anonymous_0)
FN:21,(anonymous_1)
FN:22,(anonymous_2)
FN:30,(anonymous_3)
FN:39,(anonymous_4)
FN:40,(anonymous_5)
FN:48,(anonymous_6)
FN:50,(anonymous_7)
FN:69,(anonymous_8)
FN:70,(anonymous_9)
FN:83,(anonymous_10)
FN:85,(anonymous_11)
FN:94,(anonymous_12)
FN:95,(anonymous_13)
FN:108,(anonymous_14)
FN:109,(anonymous_15)
FNF:16
FNH:16
FNDA:15,(anonymous_0)
FNDA:1,(anonymous_1)
FNDA:9,(anonymous_2)
FNDA:2,(anonymous_3)
FNDA:2,(anonymous_4)
FNDA:3,(anonymous_5)
FNDA:2,(anonymous_6)
FNDA:2,(anonymous_7)
FNDA:2,(anonymous_8)
FNDA:2,(anonymous_9)
FNDA:2,(anonymous_10)
FNDA:4,(anonymous_11)
FNDA:2,(anonymous_12)
FNDA:8,(anonymous_13)
FNDA:2,(anonymous_14)
FNDA:11,(anonymous_15)
DA:13,15
DA:22,9
DA:23,1
DA:31,2
DA:40,3
DA:49,2
DA:50,2
DA:53,2
DA:59,2
DA:60,2
DA:70,2
DA:71,2
DA:73,1
DA:74,1
DA:75,1
DA:84,2
DA:85,4
DA:86,2
DA:95,2
DA:96,8
DA:97,8
DA:98,8
DA:99,8
DA:101,2
DA:109,11
LF:25
LH:25
BRDA:12,0,0,2
BRDA:21,1,0,0
BRDA:49,2,0,1
BRDA:49,2,1,1
BRDA:71,3,0,1
BRDA:71,3,1,1
BRDA:94,4,0,1
BRDA:96,5,0,8
BRDA:96,5,1,8
BRDA:96,5,2,0
BRDA:97,6,0,8
BRDA:97,6,1,8
BRDA:97,6,2,0
BRDA:99,7,0,4
BRDA:99,7,1,4
BRF:15
BRH:12
end_of_record
TN:
SF:src/models/Deck.js
FN:18,(anonymous_0)
FN:32,(anonymous_1)
FN:41,(anonymous_2)
FN:54,(anonymous_3)
FN:70,(anonymous_4)
FN:73,(anonymous_5)
FN:83,(anonymous_6)
FN:95,(anonymous_7)
FNF:8
FNH:8
FNDA:16,(anonymous_0)
FNDA:3,(anonymous_1)
FNDA:1,(anonymous_2)
FNDA:2,(anonymous_3)
FNDA:2,(anonymous_4)
FNDA:7,(anonymous_5)
FNDA:2,(anonymous_6)
FNDA:3,(anonymous_7)
DA:19,16
DA:20,16
DA:21,16
DA:22,16
DA:23,16
DA:24,16
DA:33,3
DA:42,1
DA:55,2
DA:56,1
DA:58,1
DA:71,2
DA:73,7
DA:84,2
DA:85,2
DA:86,1
DA:88,1
DA:96,3
LF:18
LH:18
BRDA:18,0,0,1
BRDA:19,1,0,16
BRDA:19,1,1,10
BRDA:20,2,0,16
BRDA:20,2,1,10
BRDA:21,3,0,16
BRDA:21,3,1,8
BRDA:22,4,0,16
BRDA:22,4,1,3
BRDA:23,5,0,16
BRDA:23,5,1,8
BRDA:24,6,0,16
BRDA:24,6,1,11
BRDA:55,7,0,1
BRDA:55,7,1,1
BRDA:83,8,0,0
BRDA:85,9,0,1
BRDA:85,9,1,1
BRF:18
BRH:17
end_of_record
TN:
SF:src/models/DeckCollection.js
FN:12,(anonymous_0)
FN:21,(anonymous_1)
FN:22,(anonymous_2)
FN:30,(anonymous_3)
FN:39,(anonymous_4)
FN:40,(anonymous_5)
FN:48,(anonymous_6)
FN:50,(anonymous_7)
FN:69,(anonymous_8)
FN:70,(anonymous_9)
FN:83,(anonymous_10)
FN:85,(anonymous_11)
FN:95,(anonymous_12)
FN:96,(anonymous_13)
FN:110,(anonymous_14)
FN:111,(anonymous_15)
FN:124,(anonymous_16)
FN:125,(anonymous_17)
FN:138,(anonymous_18)
FN:139,(anonymous_19)
FNF:20
FNH:20
FNDA:18,(anonymous_0)
FNDA:1,(anonymous_1)
FNDA:3,(anonymous_2)
FNDA:1,(anonymous_3)
FNDA:2,(anonymous_4)
FNDA:3,(anonymous_5)
FNDA:2,(anonymous_6)
FNDA:2,(anonymous_7)
FNDA:2,(anonymous_8)
FNDA:2,(anonymous_9)
FNDA:2,(anonymous_10)
FNDA:4,(anonymous_11)
FNDA:2,(anonymous_12)
FNDA:2,(anonymous_13)
FNDA:2,(anonymous_14)
FNDA:2,(anonymous_15)
FNDA:2,(anonymous_16)
FNDA:6,(anonymous_17)
FNDA:2,(anonymous_18)
FNDA:5,(anonymous_19)
DA:13,18
DA:22,3
DA:23,1
DA:31,1
DA:40,3
DA:49,2
DA:50,2
DA:53,2
DA:59,2
DA:60,2
DA:70,2
DA:71,2
DA:73,1
DA:74,1
DA:75,1
DA:84,2
DA:85,4
DA:86,2
DA:96,2
DA:97,2
DA:99,1
DA:100,1
DA:101,1
DA:111,2
DA:112,2
DA:114,1
DA:115,1
DA:116,1
DA:125,2
DA:126,6
DA:127,6
DA:128,6
DA:129,6
DA:131,2
DA:139,5
LF:35
LH:35
BRDA:12,0,0,2
BRDA:21,1,0,0
BRDA:49,2,0,1
BRDA:49,2,1,1
BRDA:71,3,0,1
BRDA:71,3,1,1
BRDA:97,4,0,1
BRDA:97,4,1,1
BRDA:112,5,0,1
BRDA:112,5,1,1
BRDA:124,6,0,1
BRDA:126,7,0,6
BRDA:126,7,1,6
BRDA:126,7,2,0
BRDA:127,8,0,6
BRDA:127,8,1,6
BRDA:127,8,2,0
BRDA:129,9,0,0
BRDA:129,9,1,6
BRF:19
BRH:15
end_of_record
TN:
SF:src/routes/BestTimesRoute.js
FN:7,BestTimesRoute
FNF:1
FNH:0
FNDA:0,BestTimesRoute
DA:8,0
LF:1
LH:0
BRF:0
BRH:0
end_of_record
TN:
SF:src/routes/CompletionRoute.js
FN:7,CompletionRoute
FNF:1
FNH:0
FNDA:0,CompletionRoute
DA:13,0
LF:1
LH:0
BRF:0
BRH:0
end_of_record
TN:
SF:src/routes/DeckCompletionRoute.js
FN:7,DeckCompletionRoute
FNF:1
FNH:0
FNDA:0,DeckCompletionRoute
DA:13,0
LF:1
LH:0
BRF:0
BRH:0
end_of_record
TN:
SF:src/routes/DeckStudyRoute.js
FN:7,DeckStudyRoute
FNF:1
FNH:0
FNDA:0,DeckStudyRoute
DA:22,0
LF:1
LH:0
BRF:0
BRH:0
end_of_record
TN:
SF:src/routes/HomeRoute.js
FN:7,HomeRoute
FNF:1
FNH:0
FNDA:0,HomeRoute
DA:30,0
LF:1
LH:0
BRF:0
BRH:0
end_of_record
TN:
SF:src/routes/ReferenceConfirmationRoute.js
FN:7,ReferenceConfirmationRoute
FNF:1
FNH:0
FNDA:0,ReferenceConfirmationRoute
DA:18,0
LF:1
LH:0
BRF:0
BRH:0
end_of_record
TN:
SF:src/routes/ReferenceTypingRoute.js
FN:7,ReferenceTypingRoute
FNF:1
FNH:0
FNDA:0,ReferenceTypingRoute
DA:19,0
LF:1
LH:0
BRF:0
BRH:0
end_of_record
TN:
SF:src/routes/TutorialRoute.js
FN:9,TutorialRoute
FNF:1
FNH:1
FNDA:3,TutorialRoute
DA:10,3
LF:1
LH:1
BRF:0
BRH:0
end_of_record
TN:
SF:src/routes/index.js
FNF:0
FNH:0
LF:0
LH:0
BRF:0
BRH:0
end_of_record
TN:
SF:src/ui/Button.js
FN:7,Button
FNF:1
FNH:0
FNDA:0,Button
DA:16,0
DA:19,0
DA:28,0
DA:35,0
DA:37,0
LF:5
LH:0
BRDA:10,0,0,0
BRDA:11,1,0,0
BRDA:12,2,0,0
BRDA:35,3,0,0
BRDA:35,3,1,0
BRDA:35,4,0,0
BRDA:35,4,1,0
BRF:7
BRH:0
end_of_record
TN:
SF:src/ui/EasyModeIndicator.js
FN:6,EasyModeIndicator
FNF:1
FNH:0
FNDA:0,EasyModeIndicator
DA:7,0
LF:1
LH:0
BRF:0
BRH:0
end_of_record
TN:
SF:src/ui/GlobalStyles.js
FN:7,GlobalStyles
FNF:1
FNH:0
FNDA:0,GlobalStyles
DA:8,0
LF:1
LH:0
BRF:0
BRH:0
end_of_record
TN:
SF:src/ui/index.js
FNF:0
FNH:0
LF:0
LH:0
BRF:0
BRH:0
end_of_record
TN:
SF:src/utils/memoryUtils.js
FN:8,normalizeWhitespace
FN:22,formatTime
FN:33,formatDate
FN:52,hasMistakes
FN:53,(anonymous_4)
FN:62,findLastCorrectIndex
FN:81,getCharacterCorrectness
FN:83,(anonymous_7)
FN:122,loadCardsFromStorage
FN:132,(anonymous_9)
FN:149,saveCardsToStorage
FN:165,loadPreference
FN:180,savePreference
FN:196,savePersonalBestTime
FN:215,(anonymous_14)
FN:232,loadPersonalBestTimes
FN:251,loadAllPersonalBestTimes
FN:289,loadDecksFromStorage
FN:299,(anonymous_18)
FN:316,saveDecksToStorage
FNF:20
FNH:16
FNDA:5,normalizeWhitespace
FNDA:4,formatTime
FNDA:4,formatDate
FNDA:5,hasMistakes
FNDA:24,(anonymous_4)
FNDA:4,findLastCorrectIndex
FNDA:7,getCharacterCorrectness
FNDA:43,(anonymous_7)
FNDA:1,loadCardsFromStorage
FNDA:9,(anonymous_9)
FNDA:1,saveCardsToStorage
FNDA:5,loadPreference
FNDA:4,savePreference
FNDA:0,savePersonalBestTime
FNDA:0,(anonymous_14)
FNDA:0,loadPersonalBestTimes
FNDA:0,loadAllPersonalBestTimes
FNDA:1,loadDecksFromStorage
FNDA:3,(anonymous_18)
FNDA:1,saveDecksToStorage
DA:9,5
DA:11,3
DA:13,3
DA:14,3
DA:23,4
DA:24,4
DA:25,4
DA:34,4
DA:36,2
DA:37,2
DA:53,24
DA:63,4
DA:64,4
DA:65,11
DA:66,9
DA:68,2
DA:71,4
DA:82,7
DA:83,7
DA:85,43
DA:86,43
DA:88,11
DA:89,11
DA:92,11
DA:97,11
DA:100,32
DA:104,43
DA:105,4
DA:108,43
DA:123,1
DA:124,1
DA:125,1
DA:126,0
DA:127,0
DA:128,0
DA:131,1
DA:132,9
DA:137,1
DA:138,1
DA:140,0
DA:141,0
DA:150,1
DA:151,1
DA:152,1
DA:155,0
DA:166,5
DA:167,5
DA:168,5
DA:170,0
DA:171,0
DA:181,4
DA:182,4
DA:184,0
DA:197,0
DA:200,0
DA:203,0
DA:206,0
DA:215,0
DA:218,0
DA:221,0
DA:223,0
DA:233,0
DA:236,0
DA:239,0
DA:240,0
DA:242,0
DA:243,0
DA:252,0
DA:253,0
DA:256,0
DA:257,0
DA:260,0
DA:262,0
DA:265,0
DA:268,0
DA:269,0
DA:277,0
DA:279,0
DA:280,0
DA:290,1
DA:291,1
DA:292,1
DA:293,0
DA:294,0
DA:295,0
DA:298,1
DA:299,3
DA:304,1
DA:305,1
DA:307,0
DA:308,0
DA:317,1
DA:318,1
DA:319,1
DA:322,0
LF:95
LH:54
BRDA:9,0,0,2
BRDA:9,0,1,3
BRDA:34,1,0,2
BRDA:34,1,1,2
BRDA:65,2,0,9
BRDA:65,2,1,2
BRDA:81,3,0,6
BRDA:86,4,0,11
BRDA:86,4,1,32
BRDA:89,5,0,11
BRDA:89,5,1,0
BRDA:97,6,0,11
BRDA:97,6,1,11
BRDA:97,6,2,0
BRDA:100,7,0,32
BRDA:100,7,1,16
BRDA:104,8,0,4
BRDA:104,8,1,39
BRDA:104,9,0,43
BRDA:104,9,1,27
BRDA:125,10,0,0
BRDA:125,10,1,1
BRDA:134,11,0,9
BRDA:134,11,1,0
BRDA:151,12,0,1
BRDA:151,12,1,0
BRDA:151,13,0,1
BRDA:151,13,1,1
BRDA:168,14,0,0
BRDA:168,14,1,5
BRDA:196,15,0,0
BRDA:196,16,0,0
BRDA:196,17,0,0
BRDA:240,18,0,0
BRDA:240,18,1,0
BRDA:260,19,0,0
BRDA:260,19,1,0
BRDA:260,20,0,0
BRDA:260,20,1,0
BRDA:268,21,0,0
BRDA:268,21,1,0
BRDA:268,22,0,0
BRDA:268,22,1,0
BRDA:292,23,0,0
BRDA:292,23,1,1
BRDA:301,24,0,3
BRDA:301,24,1,0
BRDA:318,25,0,1
BRDA:318,25,1,0
BRDA:318,26,0,1
BRDA:318,26,1,1
BRF:51
BRH:29
end_of_record
TN:
SF:src/utils/typingUtils.js
FN:9,isInputCorrect
FN:22,checkCorrectness
FN:46,getGhostText
FN:63,calculateAccuracy
FN:90,isTypingComplete
FN:119,handleCompletion
FNF:6
FNH:3
FNDA:7,isInputCorrect
FNDA:0,checkCorrectness
FNDA:0,getGhostText
FNDA:0,calculateAccuracy
FNDA:11,isTypingComplete
FNDA:1,handleCompletion
DA:10,7
DA:11,5
DA:12,5
DA:23,0
DA:24,0
DA:27,0
DA:28,0
DA:29,0
DA:30,0
DA:32,0
DA:35,0
DA:36,0
DA:47,0
DA:49,0
DA:50,0
DA:53,0
DA:64,0
DA:67,0
DA:68,0
DA:71,0
DA:72,0
DA:74,0
DA:75,0
DA:76,0
DA:80,0
DA:91,11
DA:94,9
DA:97,8
DA:98,7
DA:99,7
DA:101,7
DA:104,4
DA:108,4
DA:120,1
DA:123,1
DA:125,1
LF:36
LH:14
BRDA:10,0,0,2
BRDA:10,0,1,5
BRDA:10,1,0,7
BRDA:10,1,1,6
BRDA:23,2,0,0
BRDA:23,2,1,0
BRDA:23,3,0,0
BRDA:23,3,1,0
BRDA:28,4,0,0
BRDA:28,4,1,0
BRDA:29,5,0,0
BRDA:29,5,1,0
BRDA:47,6,0,0
BRDA:47,6,1,0
BRDA:47,7,0,0
BRDA:47,7,1,0
BRDA:50,8,0,0
BRDA:50,8,1,0
BRDA:64,9,0,0
BRDA:64,9,1,0
BRDA:64,10,0,0
BRDA:64,10,1,0
BRDA:67,11,0,0
BRDA:67,11,1,0
BRDA:75,12,0,0
BRDA:75,12,1,0
BRDA:91,13,0,2
BRDA:91,13,1,9
BRDA:91,14,0,11
BRDA:91,14,1,10
BRDA:94,15,0,1
BRDA:94,15,1,8
BRDA:97,16,0,7
BRDA:97,16,1,1
BRDA:101,17,0,4
BRDA:101,17,1,3
BRDA:101,18,0,7
BRDA:101,18,1,5
BRDA:101,18,2,5
BRF:39
BRH:17
end_of_record
